----------------------------------------
2025-02-18 14:05:59-log
{
  "ip": "197.43.20.241",
  "hostname": "host-197.43.20.241.tedata.net",
  "city": "Al Maḩallah al Kubrá",
  "region": "Gharbia",
  "country": "EG",
  "loc": "30.9706,31.1669",
  "org": "AS8452 TE-AS",
  "timezone": "Africa/Cairo"
}

[REQUEST]:LoginApi/google_login
[URL_PARAM]:{"os":"Android","sdk_version":"33","app_version":"2024103001","app_name":"1.1","google_token":"eyJhbGciOiJSUzI1NiIsImtpZCI6IjVkMTJhYjc4MmNiNjA5NjI4NWY2OWU0OGFlYTk5MDc5YmI1OWNiODYiLCJ0eXAiOiJKV1QifQ.eyJpc3MiOiJodHRwczovL2FjY291bnRzLmdvb2dsZS5jb20iLCJhenAiOiI4NDc3MzI1MDk4NzUtcWljZzUzbTBqNTFrMXRoYzZ0ZjRzcWlncGkzcG9taTkuYXBwcy5nb29nbGV1c2VyY29udGVudC5jb20iLCJhdWQiOiI4NDc3MzI1MDk4NzUtcnNxYTNmdWdyZXNhYTh2dms2bXFtZHQ1ZWM5bTEwM3MuYXBwcy5nb29nbGV1c2VyY29udGVudC5jb20iLCJzdWIiOiIxMTYzMTkyNjc2MjY2MzQxMjE4MjMiLCJlbWFpbCI6InNhZnk4MjExM0BnbWFpbC5jb20iLCJlbWFpbF92ZXJpZmllZCI6dHJ1ZSwibmFtZSI6InNhZnkgQWhtYWQiLCJwaWN0dXJlIjoiaHR0cHM6Ly9saDMuZ29vZ2xldXNlcmNvbnRlbnQuY29tL2EvQUNnOG9jTGFod1dVM2VWei1JTlRTSmVMamtSOXRVVkw0RDk5NkNWQWxxM3ZDUzZZMnZtZUlnPXM5Ni1jIiwiZ2l2ZW5fbmFtZSI6InNhZnkiLCJmYW1pbHlfbmFtZSI6IkFobWFkIiwiaWF0IjoxNzM5ODU4NzU3LCJleHAiOjE3Mzk4NjIzNTd9.t1B7wkwk6yAmB5aKo-i9NN5ew5_kXrUSlNxipJB7a3U38ha05f74irG9lYOlPrHCL9dsNXGZmFtnySGl93iv51F0tK-ckq3P4mJzvupZQDG8aPPFAiT1i44k9Q-XyEeMuWYlC3atVidPNQveob7H4xlDx_krariWzXTqUCM1CSsSN-yDYwftdmtGxXXXr0Pc_wEl_gLejENKTvqmvZknx1oQBxeWz9xvuE81GiBaMLDoa3v210OGHVKlIHHUDu-KXoDV1rA8eXR7SJ3YCXCNKH47QY92YRDkpBigXgTH0rKf5p-2TGiFxNOJ5Nupi12kzOU0KglAM6LfqcU5FevOog","invite_code":"","agent":"","uuid":"2ad51621c769d38ca96d6465e5db71292"}
[CONTENT]:"os=Android&sdk_version=33&app_version=2024103001&app_name=1.1&google_token=eyJhbGciOiJSUzI1NiIsImtpZCI6IjVkMTJhYjc4MmNiNjA5NjI4NWY2OWU0OGFlYTk5MDc5YmI1OWNiODYiLCJ0eXAiOiJKV1QifQ.eyJpc3MiOiJodHRwczovL2FjY291bnRzLmdvb2dsZS5jb20iLCJhenAiOiI4NDc3MzI1MDk4NzUtcWljZzUzbTBqNTFrMXRoYzZ0ZjRzcWlncGkzcG9taTkuYXBwcy5nb29nbGV1c2VyY29udGVudC5jb20iLCJhdWQiOiI4NDc3MzI1MDk4NzUtcnNxYTNmdWdyZXNhYTh2dms2bXFtZHQ1ZWM5bTEwM3MuYXBwcy5nb29nbGV1c2VyY29udGVudC5jb20iLCJzdWIiOiIxMTYzMTkyNjc2MjY2MzQxMjE4MjMiLCJlbWFpbCI6InNhZnk4MjExM0BnbWFpbC5jb20iLCJlbWFpbF92ZXJpZmllZCI6dHJ1ZSwibmFtZSI6InNhZnkgQWhtYWQiLCJwaWN0dXJlIjoiaHR0cHM6Ly9saDMuZ29vZ2xldXNlcmNvbnRlbnQuY29tL2EvQUNnOG9jTGFod1dVM2VWei1JTlRTSmVMamtSOXRVVkw0RDk5NkNWQWxxM3ZDUzZZMnZtZUlnPXM5Ni1jIiwiZ2l2ZW5fbmFtZSI6InNhZnkiLCJmYW1pbHlfbmFtZSI6IkFobWFkIiwiaWF0IjoxNzM5ODU4NzU3LCJleHAiOjE3Mzk4NjIzNTd9.t1B7wkwk6yAmB5aKo-i9NN5ew5_kXrUSlNxipJB7a3U38ha05f74irG9lYOlPrHCL9dsNXGZmFtnySGl93iv51F0tK-ckq3P4mJzvupZQDG8aPPFAiT1i44k9Q-XyEeMuWYlC3atVidPNQveob7H4xlDx_krariWzXTqUCM1CSsSN-yDYwftdmtGxXXXr0Pc_wEl_gLejENKTvqmvZknx1oQBxeWz9xvuE81GiBaMLDoa3v210OGHVKlIHHUDu-KXoDV1rA8eXR7SJ3YCXCNKH47QY92YRDkpBigXgTH0rKf5p-2TGiFxNOJ5Nupi12kzOU0KglAM6LfqcU5FevOog&invite_code=&agent=&uuid=2ad51621c769d38ca96d6465e5db71292"
[DEVICE_INFO]:{"content-length":"1228","cdn-loop":"cloudflare; loops=1","cf-connecting-ip":"197.43.20.241","connection":"Keep-Alive","user-agent":"Mozilla\/5.0 (Linux; U; Android 13; ar; CPH2325 Build\/TP1A.220905.001) AppleWebKit\/533.1 (KHTML, like Gecko) Version\/5.0 Mobile Safari\/533.1","cf-visitor":"{\"scheme\":\"http\"}","lang":"ar","accept-language":"ar","x-forwarded-proto":"http","content-type":"application\/x-www-form-urlencoded","accept-encoding":"gzip","cf-ipcountry":"EG","host":"admin.xivolive.com","x-forwarded-for":"197.43.20.241","cf-ray":"913bd4191bd3129a-MRS"}
----------------------------------------
2025-02-18 14:06:42-log
{
  "ip": "197.43.20.241",
  "hostname": "host-197.43.20.241.tedata.net",
  "city": "Al Maḩallah al Kubrá",
  "region": "Gharbia",
  "country": "EG",
  "loc": "30.9706,31.1669",
  "org": "AS8452 TE-AS",
  "timezone": "Africa/Cairo"
}

[REQUEST]:LoginApi/google_login
[URL_PARAM]:{"os":"Android","sdk_version":"33","app_version":"2024103001","app_name":"1.1","google_token":"eyJhbGciOiJSUzI1NiIsImtpZCI6IjVkMTJhYjc4MmNiNjA5NjI4NWY2OWU0OGFlYTk5MDc5YmI1OWNiODYiLCJ0eXAiOiJKV1QifQ.eyJpc3MiOiJodHRwczovL2FjY291bnRzLmdvb2dsZS5jb20iLCJhenAiOiI4NDc3MzI1MDk4NzUtcWljZzUzbTBqNTFrMXRoYzZ0ZjRzcWlncGkzcG9taTkuYXBwcy5nb29nbGV1c2VyY29udGVudC5jb20iLCJhdWQiOiI4NDc3MzI1MDk4NzUtcnNxYTNmdWdyZXNhYTh2dms2bXFtZHQ1ZWM5bTEwM3MuYXBwcy5nb29nbGV1c2VyY29udGVudC5jb20iLCJzdWIiOiIxMTE0MTE2ODAxNzA4NDk3ODIxOTkiLCJlbWFpbCI6InNhZnlhaG1hZDU5MEBnbWFpbC5jb20iLCJlbWFpbF92ZXJpZmllZCI6dHJ1ZSwibmFtZSI6InNhZnkgQWhtYWQiLCJwaWN0dXJlIjoiaHR0cHM6Ly9saDMuZ29vZ2xldXNlcmNvbnRlbnQuY29tL2EvQUNnOG9jSkhQX0dnRHVyZkh6eTJ6QVUzXzZaaHNRNWtMeGk1RUtDME5sLVFDSGdxa2dwajd3PXM5Ni1jIiwiZ2l2ZW5fbmFtZSI6InNhZnkiLCJmYW1pbHlfbmFtZSI6IkFobWFkIiwiaWF0IjoxNzM5ODU4Nzk5LCJleHAiOjE3Mzk4NjIzOTl9.gDC0jNNSPWcXPkk2XrZv3tbw5Zpk-aapfELU03vNNIA4GllQSJRapOWoiPmI_K3PJ9ZhjU_m9JeYD_Y_l4cHH5xkQsCvpXzDO8KQ94fEb75a7fx1rIaW6UxShkajPR9XIPukoOdBL_xMzQytNwJf_XBQRVdtuF8X4P3nDX_W_gLlXWjzHaTKo1nPw0cfmMZ6D1bNi27xTNpXQdnZcO5q0mbTano-wHHTEM7OXwFwD8swEIFOuDvOOwBnwCyshQPLGexPWlDwTe72Xv424TD9yN7eyp49XC66YnrfMlAs-zadGdxueTFaB1-vENMUOY4ya4tQgc9tQ3d582lEGKUBEQ","invite_code":"","agent":"","uuid":"2ad51621c769d38ca96d6465e5db71292"}
[CONTENT]:"os=Android&sdk_version=33&app_version=2024103001&app_name=1.1&google_token=eyJhbGciOiJSUzI1NiIsImtpZCI6IjVkMTJhYjc4MmNiNjA5NjI4NWY2OWU0OGFlYTk5MDc5YmI1OWNiODYiLCJ0eXAiOiJKV1QifQ.eyJpc3MiOiJodHRwczovL2FjY291bnRzLmdvb2dsZS5jb20iLCJhenAiOiI4NDc3MzI1MDk4NzUtcWljZzUzbTBqNTFrMXRoYzZ0ZjRzcWlncGkzcG9taTkuYXBwcy5nb29nbGV1c2VyY29udGVudC5jb20iLCJhdWQiOiI4NDc3MzI1MDk4NzUtcnNxYTNmdWdyZXNhYTh2dms2bXFtZHQ1ZWM5bTEwM3MuYXBwcy5nb29nbGV1c2VyY29udGVudC5jb20iLCJzdWIiOiIxMTE0MTE2ODAxNzA4NDk3ODIxOTkiLCJlbWFpbCI6InNhZnlhaG1hZDU5MEBnbWFpbC5jb20iLCJlbWFpbF92ZXJpZmllZCI6dHJ1ZSwibmFtZSI6InNhZnkgQWhtYWQiLCJwaWN0dXJlIjoiaHR0cHM6Ly9saDMuZ29vZ2xldXNlcmNvbnRlbnQuY29tL2EvQUNnOG9jSkhQX0dnRHVyZkh6eTJ6QVUzXzZaaHNRNWtMeGk1RUtDME5sLVFDSGdxa2dwajd3PXM5Ni1jIiwiZ2l2ZW5fbmFtZSI6InNhZnkiLCJmYW1pbHlfbmFtZSI6IkFobWFkIiwiaWF0IjoxNzM5ODU4Nzk5LCJleHAiOjE3Mzk4NjIzOTl9.gDC0jNNSPWcXPkk2XrZv3tbw5Zpk-aapfELU03vNNIA4GllQSJRapOWoiPmI_K3PJ9ZhjU_m9JeYD_Y_l4cHH5xkQsCvpXzDO8KQ94fEb75a7fx1rIaW6UxShkajPR9XIPukoOdBL_xMzQytNwJf_XBQRVdtuF8X4P3nDX_W_gLlXWjzHaTKo1nPw0cfmMZ6D1bNi27xTNpXQdnZcO5q0mbTano-wHHTEM7OXwFwD8swEIFOuDvOOwBnwCyshQPLGexPWlDwTe72Xv424TD9yN7eyp49XC66YnrfMlAs-zadGdxueTFaB1-vENMUOY4ya4tQgc9tQ3d582lEGKUBEQ&invite_code=&agent=&uuid=2ad51621c769d38ca96d6465e5db71292"
[DEVICE_INFO]:{"content-length":"1232","cdn-loop":"cloudflare; loops=1","cf-connecting-ip":"197.43.20.241","connection":"Keep-Alive","user-agent":"Mozilla\/5.0 (Linux; U; Android 13; ar; CPH2325 Build\/TP1A.220905.001) AppleWebKit\/533.1 (KHTML, like Gecko) Version\/5.0 Mobile Safari\/533.1","cf-visitor":"{\"scheme\":\"http\"}","lang":"ar","accept-language":"ar","x-forwarded-proto":"http","content-type":"application\/x-www-form-urlencoded","accept-encoding":"gzip","cf-ipcountry":"EG","host":"admin.xivolive.com","x-forwarded-for":"197.43.20.241","cf-ray":"913bd5291de4129a-MRS"}
