----------------------------------------
2025-02-18 02:51:52-log
{"ActionStatus":"OK","ErrorCode":0,"ErrorInfo":"","MsgSeq":8733,"MsgTime":1739818312}

[REQUEST]:GiftApi/gift_type_giving
[URL_PARAM]:{"os":"Android","sdk_version":"34","app_version":"2024103001","app_name":"1.1","uid":"2609932","token":"3f2608b0044d162efd4cdd59346260cb","voice_id":"2609932","call_id":"","gid":"229","to_user_id":"2609932","count":"1","flag":"1739818309837677"}
[CONTENT]:""
[DEVICE_INFO]:{"cf-connecting-ip":"2a02:3030:a05:bf20:2af0:600a:e6a2:8d16","connection":"Keep-Alive","cdn-loop":"cloudflare; loops=1","cf-visitor":"{\"scheme\":\"http\"}","user-agent":"Mozilla\/5.0 (Linux; U; Android 14; ar; SM-A145F Build\/UP1A.231005.007) AppleWebKit\/533.1 (KHTML, like Gecko) Version\/5.0 Mobile Safari\/533.1","lang":"ar","x-forwarded-proto":"http","accept-language":"ar","accept-encoding":"gzip","cf-ipcountry":"DE","host":"admin.xivolive.com","x-forwarded-for":"2a02:3030:a05:bf20:2af0:600a:e6a2:8d16","cf-ray":"9137f898595162f8-HAM","content-length":"","content-type":""}
----------------------------------------
2025-02-18 02:52:18-log
{"ActionStatus":"OK","ErrorCode":0,"ErrorInfo":"","MsgSeq":8734,"MsgTime":1739818338}

[REQUEST]:GiftApi/gift_type_giving
[URL_PARAM]:{"os":"Android","sdk_version":"34","app_version":"2024103001","app_name":"1.1","uid":"2609932","token":"3f2608b0044d162efd4cdd59346260cb","voice_id":"2609932","call_id":"","gid":"362","to_user_id":"2609932","count":"1","flag":"1739818335739702"}
[CONTENT]:""
[DEVICE_INFO]:{"cf-connecting-ip":"2a02:3030:a05:bf20:2af0:600a:e6a2:8d16","connection":"Keep-Alive","cdn-loop":"cloudflare; loops=1","cf-visitor":"{\"scheme\":\"http\"}","user-agent":"Mozilla\/5.0 (Linux; U; Android 14; ar; SM-A145F Build\/UP1A.231005.007) AppleWebKit\/533.1 (KHTML, like Gecko) Version\/5.0 Mobile Safari\/533.1","lang":"ar","x-forwarded-proto":"http","accept-language":"ar","accept-encoding":"gzip","cf-ipcountry":"DE","host":"admin.xivolive.com","x-forwarded-for":"2a02:3030:a05:bf20:2af0:600a:e6a2:8d16","cf-ray":"9137f93a29f662dd-HAM","content-length":"","content-type":""}
----------------------------------------
2025-02-18 02:52:19-log
{"ActionStatus":"OK","ErrorCode":0,"ErrorInfo":"","MsgSeq":8735,"MsgTime":1739818339}

[REQUEST]:GiftApi/gift_type_giving
[URL_PARAM]:{"os":"Android","sdk_version":"34","app_version":"2024103001","app_name":"1.1","uid":"2609932","token":"3f2608b0044d162efd4cdd59346260cb","voice_id":"2609932","call_id":"","gid":"362","to_user_id":"2609932","count":"1","flag":"1739818336900598"}
[CONTENT]:""
[DEVICE_INFO]:{"cf-connecting-ip":"2a02:3030:a05:bf20:2af0:600a:e6a2:8d16","connection":"Keep-Alive","cdn-loop":"cloudflare; loops=1","cf-visitor":"{\"scheme\":\"http\"}","user-agent":"Mozilla\/5.0 (Linux; U; Android 14; ar; SM-A145F Build\/UP1A.231005.007) AppleWebKit\/533.1 (KHTML, like Gecko) Version\/5.0 Mobile Safari\/533.1","lang":"ar","x-forwarded-proto":"http","accept-language":"ar","accept-encoding":"gzip","cf-ipcountry":"DE","host":"admin.xivolive.com","x-forwarded-for":"2a02:3030:a05:bf20:2af0:600a:e6a2:8d16","cf-ray":"9137f9416fce62f8-HAM","content-length":"","content-type":""}
----------------------------------------
2025-02-18 02:52:19-log
{"ActionStatus":"OK","ErrorCode":0,"ErrorInfo":"","MsgSeq":8736,"MsgTime":1739818339}

[REQUEST]:GiftApi/gift_type_giving
[URL_PARAM]:{"os":"Android","sdk_version":"34","app_version":"2024103001","app_name":"1.1","uid":"2609932","token":"3f2608b0044d162efd4cdd59346260cb","voice_id":"2609932","call_id":"","gid":"362","to_user_id":"2609932","count":"1","flag":"1739818337184487"}
[CONTENT]:""
[DEVICE_INFO]:{"cf-connecting-ip":"2a02:3030:a05:bf20:2af0:600a:e6a2:8d16","connection":"Keep-Alive","cdn-loop":"cloudflare; loops=1","cf-visitor":"{\"scheme\":\"http\"}","user-agent":"Mozilla\/5.0 (Linux; U; Android 14; ar; SM-A145F Build\/UP1A.231005.007) AppleWebKit\/533.1 (KHTML, like Gecko) Version\/5.0 Mobile Safari\/533.1","lang":"ar","x-forwarded-proto":"http","accept-language":"ar","accept-encoding":"gzip","cf-ipcountry":"DE","host":"admin.xivolive.com","x-forwarded-for":"2a02:3030:a05:bf20:2af0:600a:e6a2:8d16","cf-ray":"9137f9432cec7278-HAM","content-length":"","content-type":""}
----------------------------------------
2025-02-18 02:52:20-log
{"ActionStatus":"OK","ErrorCode":0,"ErrorInfo":"","MsgSeq":8737,"MsgTime":1739818339}

[REQUEST]:GiftApi/gift_type_giving
[URL_PARAM]:{"os":"Android","sdk_version":"34","app_version":"2024103001","app_name":"1.1","uid":"2609932","token":"3f2608b0044d162efd4cdd59346260cb","voice_id":"2609932","call_id":"","gid":"362","to_user_id":"2609932","count":"1","flag":"1739818337629977"}
[CONTENT]:""
[DEVICE_INFO]:{"cf-connecting-ip":"2a02:3030:a05:bf20:2af0:600a:e6a2:8d16","connection":"Keep-Alive","cdn-loop":"cloudflare; loops=1","cf-visitor":"{\"scheme\":\"http\"}","user-agent":"Mozilla\/5.0 (Linux; U; Android 14; ar; SM-A145F Build\/UP1A.231005.007) AppleWebKit\/533.1 (KHTML, like Gecko) Version\/5.0 Mobile Safari\/533.1","lang":"ar","x-forwarded-proto":"http","accept-language":"ar","accept-encoding":"gzip","cf-ipcountry":"DE","host":"admin.xivolive.com","x-forwarded-for":"2a02:3030:a05:bf20:2af0:600a:e6a2:8d16","cf-ray":"9137f94608e2ca58-HAM","content-length":"","content-type":""}
----------------------------------------
2025-02-18 02:52:20-log
{"ActionStatus":"OK","ErrorCode":0,"ErrorInfo":"","MsgSeq":8738,"MsgTime":1739818339}

[REQUEST]:GiftApi/gift_type_giving
[URL_PARAM]:{"os":"Android","sdk_version":"34","app_version":"2024103001","app_name":"1.1","uid":"2609932","token":"3f2608b0044d162efd4cdd59346260cb","voice_id":"2609932","call_id":"","gid":"362","to_user_id":"2609932","count":"1","flag":"1739818337401832"}
[CONTENT]:""
[DEVICE_INFO]:{"cf-connecting-ip":"2a02:3030:a05:bf20:2af0:600a:e6a2:8d16","connection":"Keep-Alive","cdn-loop":"cloudflare; loops=1","cf-visitor":"{\"scheme\":\"http\"}","user-agent":"Mozilla\/5.0 (Linux; U; Android 14; ar; SM-A145F Build\/UP1A.231005.007) AppleWebKit\/533.1 (KHTML, like Gecko) Version\/5.0 Mobile Safari\/533.1","lang":"ar","x-forwarded-proto":"http","accept-language":"ar","accept-encoding":"gzip","cf-ipcountry":"DE","host":"admin.xivolive.com","x-forwarded-for":"2a02:3030:a05:bf20:2af0:600a:e6a2:8d16","cf-ray":"9137f9448be2ca99-HAM","content-length":"","content-type":""}
----------------------------------------
2025-02-18 02:52:21-log
{"ActionStatus":"OK","ErrorCode":0,"ErrorInfo":"","MsgSeq":8739,"MsgTime":1739818340}

[REQUEST]:GiftApi/gift_type_giving
[URL_PARAM]:{"os":"Android","sdk_version":"34","app_version":"2024103001","app_name":"1.1","uid":"2609932","token":"3f2608b0044d162efd4cdd59346260cb","voice_id":"2609932","call_id":"","gid":"362","to_user_id":"2609932","count":"1","flag":"1739818337768780"}
[CONTENT]:""
[DEVICE_INFO]:{"cf-connecting-ip":"2a02:3030:a05:bf20:2af0:600a:e6a2:8d16","connection":"Keep-Alive","cdn-loop":"cloudflare; loops=1","cf-visitor":"{\"scheme\":\"http\"}","user-agent":"Mozilla\/5.0 (Linux; U; Android 14; ar; SM-A145F Build\/UP1A.231005.007) AppleWebKit\/533.1 (KHTML, like Gecko) Version\/5.0 Mobile Safari\/533.1","lang":"ar","x-forwarded-proto":"http","accept-language":"ar","accept-encoding":"gzip","cf-ipcountry":"DE","host":"admin.xivolive.com","x-forwarded-for":"2a02:3030:a05:bf20:2af0:600a:e6a2:8d16","cf-ray":"9137f9499e1762dd-HAM","content-length":"","content-type":""}
----------------------------------------
2025-02-18 02:52:21-log
{"ActionStatus":"OK","ErrorCode":0,"ErrorInfo":"","MsgSeq":8740,"MsgTime":1739818341}

[REQUEST]:GiftApi/gift_type_giving
[URL_PARAM]:{"os":"Android","sdk_version":"34","app_version":"2024103001","app_name":"1.1","uid":"2609932","token":"3f2608b0044d162efd4cdd59346260cb","voice_id":"2609932","call_id":"","gid":"362","to_user_id":"2609932","count":"1","flag":"1739818337986146"}
[CONTENT]:""
[DEVICE_INFO]:{"cf-connecting-ip":"2a02:3030:a05:bf20:2af0:600a:e6a2:8d16","connection":"Keep-Alive","cdn-loop":"cloudflare; loops=1","cf-visitor":"{\"scheme\":\"http\"}","user-agent":"Mozilla\/5.0 (Linux; U; Android 14; ar; SM-A145F Build\/UP1A.231005.007) AppleWebKit\/533.1 (KHTML, like Gecko) Version\/5.0 Mobile Safari\/533.1","lang":"ar","x-forwarded-proto":"http","accept-language":"ar","accept-encoding":"gzip","cf-ipcountry":"DE","host":"admin.xivolive.com","x-forwarded-for":"2a02:3030:a05:bf20:2af0:600a:e6a2:8d16","cf-ray":"9137f94f0fc962f8-HAM","content-length":"","content-type":""}
----------------------------------------
2025-02-18 02:52:22-log
{"ActionStatus":"OK","ErrorCode":0,"ErrorInfo":"","MsgSeq":8741,"MsgTime":1739818342}

[REQUEST]:GiftApi/gift_type_giving
[URL_PARAM]:{"os":"Android","sdk_version":"34","app_version":"2024103001","app_name":"1.1","uid":"2609932","token":"3f2608b0044d162efd4cdd59346260cb","voice_id":"2609932","call_id":"","gid":"362","to_user_id":"2609932","count":"1","flag":"1739818338168737"}
[CONTENT]:""
[DEVICE_INFO]:{"cf-connecting-ip":"2a02:3030:a05:bf20:2af0:600a:e6a2:8d16","connection":"Keep-Alive","cdn-loop":"cloudflare; loops=1","cf-visitor":"{\"scheme\":\"http\"}","user-agent":"Mozilla\/5.0 (Linux; U; Android 14; ar; SM-A145F Build\/UP1A.231005.007) AppleWebKit\/533.1 (KHTML, like Gecko) Version\/5.0 Mobile Safari\/533.1","lang":"ar","x-forwarded-proto":"http","accept-language":"ar","accept-encoding":"gzip","cf-ipcountry":"DE","host":"admin.xivolive.com","x-forwarded-for":"2a02:3030:a05:bf20:2af0:600a:e6a2:8d16","cf-ray":"9137f94f7b257278-HAM","content-length":"","content-type":""}
----------------------------------------
2025-02-18 02:52:22-log
{"ActionStatus":"OK","ErrorCode":0,"ErrorInfo":"","MsgSeq":8742,"MsgTime":1739818342}

[REQUEST]:GiftApi/gift_type_giving
[URL_PARAM]:{"os":"Android","sdk_version":"34","app_version":"2024103001","app_name":"1.1","uid":"2609932","token":"3f2608b0044d162efd4cdd59346260cb","voice_id":"2609932","call_id":"","gid":"362","to_user_id":"2609932","count":"1","flag":"1739818338446272"}
[CONTENT]:""
[DEVICE_INFO]:{"cf-connecting-ip":"2a02:3030:a05:bf20:2af0:600a:e6a2:8d16","connection":"Keep-Alive","cdn-loop":"cloudflare; loops=1","cf-visitor":"{\"scheme\":\"http\"}","user-agent":"Mozilla\/5.0 (Linux; U; Android 14; ar; SM-A145F Build\/UP1A.231005.007) AppleWebKit\/533.1 (KHTML, like Gecko) Version\/5.0 Mobile Safari\/533.1","lang":"ar","x-forwarded-proto":"http","accept-language":"ar","accept-encoding":"gzip","cf-ipcountry":"DE","host":"admin.xivolive.com","x-forwarded-for":"2a02:3030:a05:bf20:2af0:600a:e6a2:8d16","cf-ray":"9137f9518897ca58-HAM","content-length":"","content-type":""}
----------------------------------------
2025-02-18 02:52:22-log
{"ActionStatus":"OK","ErrorCode":0,"ErrorInfo":"","MsgSeq":8743,"MsgTime":1739818342}

[REQUEST]:GiftApi/gift_type_giving
[URL_PARAM]:{"os":"Android","sdk_version":"34","app_version":"2024103001","app_name":"1.1","uid":"2609932","token":"3f2608b0044d162efd4cdd59346260cb","voice_id":"2609932","call_id":"","gid":"362","to_user_id":"2609932","count":"1","flag":"1739818339607829"}
[CONTENT]:""
[DEVICE_INFO]:{"cf-connecting-ip":"2a02:3030:a05:bf20:2af0:600a:e6a2:8d16","connection":"Keep-Alive","cdn-loop":"cloudflare; loops=1","cf-visitor":"{\"scheme\":\"http\"}","user-agent":"Mozilla\/5.0 (Linux; U; Android 14; ar; SM-A145F Build\/UP1A.231005.007) AppleWebKit\/533.1 (KHTML, like Gecko) Version\/5.0 Mobile Safari\/533.1","lang":"ar","x-forwarded-proto":"http","accept-language":"ar","accept-encoding":"gzip","cf-ipcountry":"DE","host":"admin.xivolive.com","x-forwarded-for":"2a02:3030:a05:bf20:2af0:600a:e6a2:8d16","cf-ray":"9137f9524c2aca99-HAM","content-length":"","content-type":""}
----------------------------------------
2025-02-18 02:52:24-log
{"ActionStatus":"OK","ErrorCode":0,"ErrorInfo":"","MsgSeq":8744,"MsgTime":1739818344}

[REQUEST]:GiftApi/gift_type_giving
[URL_PARAM]:{"os":"Android","sdk_version":"34","app_version":"2024103001","app_name":"1.1","uid":"2609932","token":"3f2608b0044d162efd4cdd59346260cb","voice_id":"2609932","call_id":"","gid":"362","to_user_id":"2609932","count":"1","flag":"1739818339611148"}
[CONTENT]:""
[DEVICE_INFO]:{"cf-connecting-ip":"2a02:3030:a05:bf20:2af0:600a:e6a2:8d16","connection":"Keep-Alive","cdn-loop":"cloudflare; loops=1","cf-visitor":"{\"scheme\":\"http\"}","user-agent":"Mozilla\/5.0 (Linux; U; Android 14; ar; SM-A145F Build\/UP1A.231005.007) AppleWebKit\/533.1 (KHTML, like Gecko) Version\/5.0 Mobile Safari\/533.1","lang":"ar","x-forwarded-proto":"http","accept-language":"ar","accept-encoding":"gzip","cf-ipcountry":"DE","host":"admin.xivolive.com","x-forwarded-for":"2a02:3030:a05:bf20:2af0:600a:e6a2:8d16","cf-ray":"9137f95c4dbf62dd-HAM","content-length":"","content-type":""}
----------------------------------------
2025-02-18 02:52:24-log
{"ActionStatus":"OK","ErrorCode":0,"ErrorInfo":"","MsgSeq":8745,"MsgTime":1739818344}

[REQUEST]:GiftApi/gift_type_giving
[URL_PARAM]:{"os":"Android","sdk_version":"34","app_version":"2024103001","app_name":"1.1","uid":"2609932","token":"3f2608b0044d162efd4cdd59346260cb","voice_id":"2609932","call_id":"","gid":"362","to_user_id":"2609932","count":"1","flag":"1739818339635882"}
[CONTENT]:""
[DEVICE_INFO]:{"cf-connecting-ip":"2a02:3030:a05:bf20:2af0:600a:e6a2:8d16","connection":"Keep-Alive","cdn-loop":"cloudflare; loops=1","cf-visitor":"{\"scheme\":\"http\"}","user-agent":"Mozilla\/5.0 (Linux; U; Android 14; ar; SM-A145F Build\/UP1A.231005.007) AppleWebKit\/533.1 (KHTML, like Gecko) Version\/5.0 Mobile Safari\/533.1","lang":"ar","x-forwarded-proto":"http","accept-language":"ar","accept-encoding":"gzip","cf-ipcountry":"DE","host":"admin.xivolive.com","x-forwarded-for":"2a02:3030:a05:bf20:2af0:600a:e6a2:8d16","cf-ray":"9137f95d486c62f8-HAM","content-length":"","content-type":""}
----------------------------------------
2025-02-18 02:52:24-log
{"ActionStatus":"OK","ErrorCode":0,"ErrorInfo":"","MsgSeq":8747,"MsgTime":1739818344}

[REQUEST]:GiftApi/gift_type_giving
[URL_PARAM]:{"os":"Android","sdk_version":"34","app_version":"2024103001","app_name":"1.1","uid":"2609932","token":"3f2608b0044d162efd4cdd59346260cb","voice_id":"2609932","call_id":"","gid":"362","to_user_id":"2609932","count":"1","flag":"1739818340230384"}
[CONTENT]:""
[DEVICE_INFO]:{"cf-connecting-ip":"2a02:3030:a05:bf20:2af0:600a:e6a2:8d16","connection":"Keep-Alive","cdn-loop":"cloudflare; loops=1","cf-visitor":"{\"scheme\":\"http\"}","user-agent":"Mozilla\/5.0 (Linux; U; Android 14; ar; SM-A145F Build\/UP1A.231005.007) AppleWebKit\/533.1 (KHTML, like Gecko) Version\/5.0 Mobile Safari\/533.1","lang":"ar","x-forwarded-proto":"http","accept-language":"ar","accept-encoding":"gzip","cf-ipcountry":"DE","host":"admin.xivolive.com","x-forwarded-for":"2a02:3030:a05:bf20:2af0:600a:e6a2:8d16","cf-ray":"9137f95f9a93ca58-HAM","content-length":"","content-type":""}
----------------------------------------
2025-02-18 02:52:24-log
{"ActionStatus":"OK","ErrorCode":0,"ErrorInfo":"","MsgSeq":8746,"MsgTime":1739818344}

[REQUEST]:GiftApi/gift_type_giving
[URL_PARAM]:{"os":"Android","sdk_version":"34","app_version":"2024103001","app_name":"1.1","uid":"2609932","token":"3f2608b0044d162efd4cdd59346260cb","voice_id":"2609932","call_id":"","gid":"362","to_user_id":"2609932","count":"1","flag":"1739818339643531"}
[CONTENT]:""
[DEVICE_INFO]:{"cf-connecting-ip":"2a02:3030:a05:bf20:2af0:600a:e6a2:8d16","connection":"Keep-Alive","cdn-loop":"cloudflare; loops=1","cf-visitor":"{\"scheme\":\"http\"}","user-agent":"Mozilla\/5.0 (Linux; U; Android 14; ar; SM-A145F Build\/UP1A.231005.007) AppleWebKit\/533.1 (KHTML, like Gecko) Version\/5.0 Mobile Safari\/533.1","lang":"ar","x-forwarded-proto":"http","accept-language":"ar","accept-encoding":"gzip","cf-ipcountry":"DE","host":"admin.xivolive.com","x-forwarded-for":"2a02:3030:a05:bf20:2af0:600a:e6a2:8d16","cf-ray":"9137f95efb597278-HAM","content-length":"","content-type":""}
----------------------------------------
2025-02-18 02:52:24-log
{"ActionStatus":"OK","ErrorCode":0,"ErrorInfo":"","MsgSeq":8748,"MsgTime":1739818344}

[REQUEST]:GiftApi/gift_type_giving
[URL_PARAM]:{"os":"Android","sdk_version":"34","app_version":"2024103001","app_name":"1.1","uid":"2609932","token":"3f2608b0044d162efd4cdd59346260cb","voice_id":"2609932","call_id":"","gid":"362","to_user_id":"2609932","count":"1","flag":"1739818340235407"}
[CONTENT]:""
[DEVICE_INFO]:{"cf-connecting-ip":"2a02:3030:a05:bf20:2af0:600a:e6a2:8d16","connection":"Keep-Alive","cdn-loop":"cloudflare; loops=1","cf-visitor":"{\"scheme\":\"http\"}","user-agent":"Mozilla\/5.0 (Linux; U; Android 14; ar; SM-A145F Build\/UP1A.231005.007) AppleWebKit\/533.1 (KHTML, like Gecko) Version\/5.0 Mobile Safari\/533.1","lang":"ar","x-forwarded-proto":"http","accept-language":"ar","accept-encoding":"gzip","cf-ipcountry":"DE","host":"admin.xivolive.com","x-forwarded-for":"2a02:3030:a05:bf20:2af0:600a:e6a2:8d16","cf-ray":"9137f9636dbbca99-HAM","content-length":"","content-type":""}
----------------------------------------
2025-02-18 02:52:26-log
{"ActionStatus":"OK","ErrorCode":0,"ErrorInfo":"","MsgSeq":8749,"MsgTime":1739818346}

[REQUEST]:GiftApi/gift_type_giving
[URL_PARAM]:{"os":"Android","sdk_version":"34","app_version":"2024103001","app_name":"1.1","uid":"2609932","token":"3f2608b0044d162efd4cdd59346260cb","voice_id":"2609932","call_id":"","gid":"362","to_user_id":"2609932","count":"1","flag":"1739818340744114"}
[CONTENT]:""
[DEVICE_INFO]:{"cf-connecting-ip":"2a02:3030:a05:bf20:2af0:600a:e6a2:8d16","connection":"Keep-Alive","cdn-loop":"cloudflare; loops=1","cf-visitor":"{\"scheme\":\"http\"}","user-agent":"Mozilla\/5.0 (Linux; U; Android 14; ar; SM-A145F Build\/UP1A.231005.007) AppleWebKit\/533.1 (KHTML, like Gecko) Version\/5.0 Mobile Safari\/533.1","lang":"ar","x-forwarded-proto":"http","accept-language":"ar","accept-encoding":"gzip","cf-ipcountry":"DE","host":"admin.xivolive.com","x-forwarded-for":"2a02:3030:a05:bf20:2af0:600a:e6a2:8d16","cf-ray":"9137f96cab8e62dd-HAM","content-length":"","content-type":""}
----------------------------------------
2025-02-18 02:52:26-log
{"ActionStatus":"OK","ErrorCode":0,"ErrorInfo":"","MsgSeq":8750,"MsgTime":1739818346}

[REQUEST]:GiftApi/gift_type_giving
[URL_PARAM]:{"os":"Android","sdk_version":"34","app_version":"2024103001","app_name":"1.1","uid":"2609932","token":"3f2608b0044d162efd4cdd59346260cb","voice_id":"2609932","call_id":"","gid":"362","to_user_id":"2609932","count":"1","flag":"1739818340741405"}
[CONTENT]:""
[DEVICE_INFO]:{"cf-connecting-ip":"2a02:3030:a05:bf20:2af0:600a:e6a2:8d16","connection":"Keep-Alive","cdn-loop":"cloudflare; loops=1","cf-visitor":"{\"scheme\":\"http\"}","user-agent":"Mozilla\/5.0 (Linux; U; Android 14; ar; SM-A145F Build\/UP1A.231005.007) AppleWebKit\/533.1 (KHTML, like Gecko) Version\/5.0 Mobile Safari\/533.1","lang":"ar","x-forwarded-proto":"http","accept-language":"ar","accept-encoding":"gzip","cf-ipcountry":"DE","host":"admin.xivolive.com","x-forwarded-for":"2a02:3030:a05:bf20:2af0:600a:e6a2:8d16","cf-ray":"9137f96c3a4a62f8-HAM","content-length":"","content-type":""}
----------------------------------------
2025-02-18 02:52:26-log
{"ActionStatus":"OK","ErrorCode":0,"ErrorInfo":"","MsgSeq":8751,"MsgTime":1739818346}

[REQUEST]:GiftApi/gift_type_giving
[URL_PARAM]:{"os":"Android","sdk_version":"34","app_version":"2024103001","app_name":"1.1","uid":"2609932","token":"3f2608b0044d162efd4cdd59346260cb","voice_id":"2609932","call_id":"","gid":"362","to_user_id":"2609932","count":"1","flag":"1739818341228260"}
[CONTENT]:""
[DEVICE_INFO]:{"cf-connecting-ip":"2a02:3030:a05:bf20:2af0:600a:e6a2:8d16","connection":"Keep-Alive","cdn-loop":"cloudflare; loops=1","cf-visitor":"{\"scheme\":\"http\"}","user-agent":"Mozilla\/5.0 (Linux; U; Android 14; ar; SM-A145F Build\/UP1A.231005.007) AppleWebKit\/533.1 (KHTML, like Gecko) Version\/5.0 Mobile Safari\/533.1","lang":"ar","x-forwarded-proto":"http","accept-language":"ar","accept-encoding":"gzip","cf-ipcountry":"DE","host":"admin.xivolive.com","x-forwarded-for":"2a02:3030:a05:bf20:2af0:600a:e6a2:8d16","cf-ray":"9137f96eaa8d7278-HAM","content-length":"","content-type":""}
----------------------------------------
2025-02-18 02:52:26-log
{"ActionStatus":"OK","ErrorCode":0,"ErrorInfo":"","MsgSeq":8752,"MsgTime":1739818346}

[REQUEST]:GiftApi/gift_type_giving
[URL_PARAM]:{"os":"Android","sdk_version":"34","app_version":"2024103001","app_name":"1.1","uid":"2609932","token":"3f2608b0044d162efd4cdd59346260cb","voice_id":"2609932","call_id":"","gid":"362","to_user_id":"2609932","count":"1","flag":"1739818341231440"}
[CONTENT]:""
[DEVICE_INFO]:{"cf-connecting-ip":"2a02:3030:a05:bf20:2af0:600a:e6a2:8d16","connection":"Keep-Alive","cdn-loop":"cloudflare; loops=1","cf-visitor":"{\"scheme\":\"http\"}","user-agent":"Mozilla\/5.0 (Linux; U; Android 14; ar; SM-A145F Build\/UP1A.231005.007) AppleWebKit\/533.1 (KHTML, like Gecko) Version\/5.0 Mobile Safari\/533.1","lang":"ar","x-forwarded-proto":"http","accept-language":"ar","accept-encoding":"gzip","cf-ipcountry":"DE","host":"admin.xivolive.com","x-forwarded-for":"2a02:3030:a05:bf20:2af0:600a:e6a2:8d16","cf-ray":"9137f96f9cf5ca99-HAM","content-length":"","content-type":""}
----------------------------------------
2025-02-18 02:52:27-log
{"ActionStatus":"OK","ErrorCode":0,"ErrorInfo":"","MsgSeq":8753,"MsgTime":1739818347}

[REQUEST]:GiftApi/gift_type_giving
[URL_PARAM]:{"os":"Android","sdk_version":"34","app_version":"2024103001","app_name":"1.1","uid":"2609932","token":"3f2608b0044d162efd4cdd59346260cb","voice_id":"2609932","call_id":"","gid":"362","to_user_id":"2609932","count":"1","flag":"1739818341300655"}
[CONTENT]:""
[DEVICE_INFO]:{"cf-connecting-ip":"2a02:3030:a05:bf20:2af0:600a:e6a2:8d16","connection":"Keep-Alive","cdn-loop":"cloudflare; loops=1","cf-visitor":"{\"scheme\":\"http\"}","user-agent":"Mozilla\/5.0 (Linux; U; Android 14; ar; SM-A145F Build\/UP1A.231005.007) AppleWebKit\/533.1 (KHTML, like Gecko) Version\/5.0 Mobile Safari\/533.1","lang":"ar","x-forwarded-proto":"http","accept-language":"ar","accept-encoding":"gzip","cf-ipcountry":"DE","host":"admin.xivolive.com","x-forwarded-for":"2a02:3030:a05:bf20:2af0:600a:e6a2:8d16","cf-ray":"9137f96ffd60ca58-HAM","content-length":"","content-type":""}
----------------------------------------
2025-02-18 02:52:28-log
{"ActionStatus":"OK","ErrorCode":0,"ErrorInfo":"","MsgSeq":8754,"MsgTime":1739818348}

[REQUEST]:GiftApi/gift_type_giving
[URL_PARAM]:{"os":"Android","sdk_version":"34","app_version":"2024103001","app_name":"1.1","uid":"2609932","token":"3f2608b0044d162efd4cdd59346260cb","voice_id":"2609932","call_id":"","gid":"362","to_user_id":"2609932","count":"1","flag":"1739818341304936"}
[CONTENT]:""
[DEVICE_INFO]:{"cf-connecting-ip":"2a02:3030:a05:bf20:2af0:600a:e6a2:8d16","connection":"Keep-Alive","cdn-loop":"cloudflare; loops=1","cf-visitor":"{\"scheme\":\"http\"}","user-agent":"Mozilla\/5.0 (Linux; U; Android 14; ar; SM-A145F Build\/UP1A.231005.007) AppleWebKit\/533.1 (KHTML, like Gecko) Version\/5.0 Mobile Safari\/533.1","lang":"ar","x-forwarded-proto":"http","accept-language":"ar","accept-encoding":"gzip","cf-ipcountry":"DE","host":"admin.xivolive.com","x-forwarded-for":"2a02:3030:a05:bf20:2af0:600a:e6a2:8d16","cf-ray":"9137f977dcd562dd-HAM","content-length":"","content-type":""}
----------------------------------------
2025-02-18 02:52:28-log
{"ActionStatus":"OK","ErrorCode":0,"ErrorInfo":"","MsgSeq":8755,"MsgTime":1739818348}

[REQUEST]:GiftApi/gift_type_giving
[URL_PARAM]:{"os":"Android","sdk_version":"34","app_version":"2024103001","app_name":"1.1","uid":"2609932","token":"3f2608b0044d162efd4cdd59346260cb","voice_id":"2609932","call_id":"","gid":"362","to_user_id":"2609932","count":"1","flag":"1739818342028452"}
[CONTENT]:""
[DEVICE_INFO]:{"cf-connecting-ip":"2a02:3030:a05:bf20:2af0:600a:e6a2:8d16","connection":"Keep-Alive","cdn-loop":"cloudflare; loops=1","cf-visitor":"{\"scheme\":\"http\"}","user-agent":"Mozilla\/5.0 (Linux; U; Android 14; ar; SM-A145F Build\/UP1A.231005.007) AppleWebKit\/533.1 (KHTML, like Gecko) Version\/5.0 Mobile Safari\/533.1","lang":"ar","x-forwarded-proto":"http","accept-language":"ar","accept-encoding":"gzip","cf-ipcountry":"DE","host":"admin.xivolive.com","x-forwarded-for":"2a02:3030:a05:bf20:2af0:600a:e6a2:8d16","cf-ray":"9137f979dad462f8-HAM","content-length":"","content-type":""}
----------------------------------------
2025-02-18 02:52:29-log
{"ActionStatus":"OK","ErrorCode":0,"ErrorInfo":"","MsgSeq":8756,"MsgTime":1739818349}

[REQUEST]:GiftApi/gift_type_giving
[URL_PARAM]:{"os":"Android","sdk_version":"34","app_version":"2024103001","app_name":"1.1","uid":"2609932","token":"3f2608b0044d162efd4cdd59346260cb","voice_id":"2609932","call_id":"","gid":"362","to_user_id":"2609932","count":"1","flag":"1739818342031399"}
[CONTENT]:""
[DEVICE_INFO]:{"cf-connecting-ip":"2a02:3030:a05:bf20:2af0:600a:e6a2:8d16","connection":"Keep-Alive","cdn-loop":"cloudflare; loops=1","cf-visitor":"{\"scheme\":\"http\"}","user-agent":"Mozilla\/5.0 (Linux; U; Android 14; ar; SM-A145F Build\/UP1A.231005.007) AppleWebKit\/533.1 (KHTML, like Gecko) Version\/5.0 Mobile Safari\/533.1","lang":"ar","x-forwarded-proto":"http","accept-language":"ar","accept-encoding":"gzip","cf-ipcountry":"DE","host":"admin.xivolive.com","x-forwarded-for":"2a02:3030:a05:bf20:2af0:600a:e6a2:8d16","cf-ray":"9137f97af94e7278-HAM","content-length":"","content-type":""}
----------------------------------------
2025-02-18 02:52:29-log
{"ActionStatus":"OK","ErrorCode":0,"ErrorInfo":"","MsgSeq":8757,"MsgTime":1739818349}

[REQUEST]:GiftApi/gift_type_giving
[URL_PARAM]:{"os":"Android","sdk_version":"34","app_version":"2024103001","app_name":"1.1","uid":"2609932","token":"3f2608b0044d162efd4cdd59346260cb","voice_id":"2609932","call_id":"","gid":"362","to_user_id":"2609932","count":"1","flag":"1739818342034812"}
[CONTENT]:""
[DEVICE_INFO]:{"cf-connecting-ip":"2a02:3030:a05:bf20:2af0:600a:e6a2:8d16","connection":"Keep-Alive","cdn-loop":"cloudflare; loops=1","cf-visitor":"{\"scheme\":\"http\"}","user-agent":"Mozilla\/5.0 (Linux; U; Android 14; ar; SM-A145F Build\/UP1A.231005.007) AppleWebKit\/533.1 (KHTML, like Gecko) Version\/5.0 Mobile Safari\/533.1","lang":"ar","x-forwarded-proto":"http","accept-language":"ar","accept-encoding":"gzip","cf-ipcountry":"DE","host":"admin.xivolive.com","x-forwarded-for":"2a02:3030:a05:bf20:2af0:600a:e6a2:8d16","cf-ray":"9137f97b9ba9ca99-HAM","content-length":"","content-type":""}
----------------------------------------
2025-02-18 02:52:29-log
{"ActionStatus":"OK","ErrorCode":0,"ErrorInfo":"","MsgSeq":8758,"MsgTime":1739818349}

[REQUEST]:GiftApi/gift_type_giving
[URL_PARAM]:{"os":"Android","sdk_version":"34","app_version":"2024103001","app_name":"1.1","uid":"2609932","token":"3f2608b0044d162efd4cdd59346260cb","voice_id":"2609932","call_id":"","gid":"362","to_user_id":"2609932","count":"1","flag":"1739818342602143"}
[CONTENT]:""
[DEVICE_INFO]:{"cf-connecting-ip":"2a02:3030:a05:bf20:2af0:600a:e6a2:8d16","connection":"Keep-Alive","cdn-loop":"cloudflare; loops=1","cf-visitor":"{\"scheme\":\"http\"}","user-agent":"Mozilla\/5.0 (Linux; U; Android 14; ar; SM-A145F Build\/UP1A.231005.007) AppleWebKit\/533.1 (KHTML, like Gecko) Version\/5.0 Mobile Safari\/533.1","lang":"ar","x-forwarded-proto":"http","accept-language":"ar","accept-encoding":"gzip","cf-ipcountry":"DE","host":"admin.xivolive.com","x-forwarded-for":"2a02:3030:a05:bf20:2af0:600a:e6a2:8d16","cf-ray":"9137f97e3f7dca58-HAM","content-length":"","content-type":""}
----------------------------------------
2025-02-18 02:52:29-log
{"ActionStatus":"OK","ErrorCode":0,"ErrorInfo":"","MsgSeq":8759,"MsgTime":1739818349}

[REQUEST]:GiftApi/gift_type_giving
[URL_PARAM]:{"os":"Android","sdk_version":"34","app_version":"2024103001","app_name":"1.1","uid":"2609932","token":"3f2608b0044d162efd4cdd59346260cb","voice_id":"2609932","call_id":"","gid":"362","to_user_id":"2609932","count":"1","flag":"1739818343089207"}
[CONTENT]:""
[DEVICE_INFO]:{"cf-connecting-ip":"2a02:3030:a05:bf20:2af0:600a:e6a2:8d16","connection":"Keep-Alive","cdn-loop":"cloudflare; loops=1","cf-visitor":"{\"scheme\":\"http\"}","user-agent":"Mozilla\/5.0 (Linux; U; Android 14; ar; SM-A145F Build\/UP1A.231005.007) AppleWebKit\/533.1 (KHTML, like Gecko) Version\/5.0 Mobile Safari\/533.1","lang":"ar","x-forwarded-proto":"http","accept-language":"ar","accept-encoding":"gzip","cf-ipcountry":"DE","host":"admin.xivolive.com","x-forwarded-for":"2a02:3030:a05:bf20:2af0:600a:e6a2:8d16","cf-ray":"9137f9846f9d62dd-HAM","content-length":"","content-type":""}
----------------------------------------
2025-02-18 02:52:31-log
{"ActionStatus":"OK","ErrorCode":0,"ErrorInfo":"","MsgSeq":8760,"MsgTime":1739818351}

[REQUEST]:GiftApi/gift_type_giving
[URL_PARAM]:{"os":"Android","sdk_version":"34","app_version":"2024103001","app_name":"1.1","uid":"2609932","token":"3f2608b0044d162efd4cdd59346260cb","voice_id":"2609932","call_id":"","gid":"362","to_user_id":"2609932","count":"1","flag":"1739818343092326"}
[CONTENT]:""
[DEVICE_INFO]:{"cf-connecting-ip":"2a02:3030:a05:bf20:2af0:600a:e6a2:8d16","connection":"Keep-Alive","cdn-loop":"cloudflare; loops=1","cf-visitor":"{\"scheme\":\"http\"}","user-agent":"Mozilla\/5.0 (Linux; U; Android 14; ar; SM-A145F Build\/UP1A.231005.007) AppleWebKit\/533.1 (KHTML, like Gecko) Version\/5.0 Mobile Safari\/533.1","lang":"ar","x-forwarded-proto":"http","accept-language":"ar","accept-encoding":"gzip","cf-ipcountry":"DE","host":"admin.xivolive.com","x-forwarded-for":"2a02:3030:a05:bf20:2af0:600a:e6a2:8d16","cf-ray":"9137f9892be462f8-HAM","content-length":"","content-type":""}
----------------------------------------
2025-02-18 02:52:31-log
{"ActionStatus":"OK","ErrorCode":0,"ErrorInfo":"","MsgSeq":8761,"MsgTime":1739818351}

[REQUEST]:GiftApi/gift_type_giving
[URL_PARAM]:{"os":"Android","sdk_version":"34","app_version":"2024103001","app_name":"1.1","uid":"2609932","token":"3f2608b0044d162efd4cdd59346260cb","voice_id":"2609932","call_id":"","gid":"362","to_user_id":"2609932","count":"1","flag":"1739818343095596"}
[CONTENT]:""
[DEVICE_INFO]:{"cf-connecting-ip":"2a02:3030:a05:bf20:2af0:600a:e6a2:8d16","connection":"Keep-Alive","cdn-loop":"cloudflare; loops=1","cf-visitor":"{\"scheme\":\"http\"}","user-agent":"Mozilla\/5.0 (Linux; U; Android 14; ar; SM-A145F Build\/UP1A.231005.007) AppleWebKit\/533.1 (KHTML, like Gecko) Version\/5.0 Mobile Safari\/533.1","lang":"ar","x-forwarded-proto":"http","accept-language":"ar","accept-encoding":"gzip","cf-ipcountry":"DE","host":"admin.xivolive.com","x-forwarded-for":"2a02:3030:a05:bf20:2af0:600a:e6a2:8d16","cf-ray":"9137f98b1ba37278-HAM","content-length":"","content-type":""}
----------------------------------------
2025-02-18 02:52:31-log
{"ActionStatus":"OK","ErrorCode":0,"ErrorInfo":"","MsgSeq":8762,"MsgTime":1739818351}

[REQUEST]:GiftApi/gift_type_giving
[URL_PARAM]:{"os":"Android","sdk_version":"34","app_version":"2024103001","app_name":"1.1","uid":"2609932","token":"3f2608b0044d162efd4cdd59346260cb","voice_id":"2609932","call_id":"","gid":"362","to_user_id":"2609932","count":"1","flag":"1739818343677824"}
[CONTENT]:""
[DEVICE_INFO]:{"cf-connecting-ip":"2a02:3030:a05:bf20:2af0:600a:e6a2:8d16","connection":"Keep-Alive","cdn-loop":"cloudflare; loops=1","cf-visitor":"{\"scheme\":\"http\"}","user-agent":"Mozilla\/5.0 (Linux; U; Android 14; ar; SM-A145F Build\/UP1A.231005.007) AppleWebKit\/533.1 (KHTML, like Gecko) Version\/5.0 Mobile Safari\/533.1","lang":"ar","x-forwarded-proto":"http","accept-language":"ar","accept-encoding":"gzip","cf-ipcountry":"DE","host":"admin.xivolive.com","x-forwarded-for":"2a02:3030:a05:bf20:2af0:600a:e6a2:8d16","cf-ray":"9137f98b4ca0ca99-HAM","content-length":"","content-type":""}
