----------------------------------------
2025-02-16 14:02:34-log
{
  "ip": "188.160.234.110",
  "city": "Damascus",
  "region": "Dimashq",
  "country": "SY",
  "loc": "33.5102,36.2913",
  "org": "AS29256 Syrian Telecommunication Private Closed Joint Stock Company",
  "timezone": "Asia/Damascus"
}

[REQUEST]:LoginApi/google_login
[URL_PARAM]:{"os":"Android","sdk_version":"34","app_version":"2024103001","app_name":"1.1","google_token":"eyJhbGciOiJSUzI1NiIsImtpZCI6IjVkMTJhYjc4MmNiNjA5NjI4NWY2OWU0OGFlYTk5MDc5YmI1OWNiODYiLCJ0eXAiOiJKV1QifQ.eyJpc3MiOiJodHRwczovL2FjY291bnRzLmdvb2dsZS5jb20iLCJhenAiOiI4NDc3MzI1MDk4NzUtdXFhOThubWY5bGRraGp0Y2R1MjFqM2oxZHJzNjRtcW0uYXBwcy5nb29nbGV1c2VyY29udGVudC5jb20iLCJhdWQiOiI4NDc3MzI1MDk4NzUtcnNxYTNmdWdyZXNhYTh2dms2bXFtZHQ1ZWM5bTEwM3MuYXBwcy5nb29nbGV1c2VyY29udGVudC5jb20iLCJzdWIiOiIxMTUxODMyNDg5NDI2ODIwNzEyOTAiLCJlbWFpbCI6Im9hemEzODU1N0BnbWFpbC5jb20iLCJlbWFpbF92ZXJpZmllZCI6dHJ1ZSwibmFtZSI6Im9tYXIgYXphIiwicGljdHVyZSI6Imh0dHBzOi8vbGgzLmdvb2dsZXVzZXJjb250ZW50LmNvbS9hL0FDZzhvY0xEYmtuVW44LXQ0RGhkZWFPVkFpZVJsR1VwLXltUTJTUjBFVUpaandGVVpRd0JHZz1zOTYtYyIsImdpdmVuX25hbWUiOiJvbWFyIiwiZmFtaWx5X25hbWUiOiJhemEiLCJpYXQiOjE3Mzk2ODU3NTMsImV4cCI6MTczOTY4OTM1M30.Gyy9ZtWlwEkP9ZW1msr2FchktzONra7R8d45zUW0Y6vlZmaG2CvhAvfJmVvOtHaBHsmUp_tnRiG0FTv3N2DROO47T_Ub3NMspypulHqlmoLJrzd7Ht6CQlmwI_xMggWBokJOpgQ-AcpeNTiFegWy4dzMtlFUq2bc4f8wAfYXsUSPa96LUdrEVm8tFf40g3ibDbIUVbXfPOKxhjr_LMFiWFEjYnsPAuY21Bf0HYbbJG_S5Esg1V6OoMHn6DhzPMr6TGNwLyY88ztqm_gPK9F-Lo9Xn30fsMcDizzs4skruQC_hOPSQvPcjYlv0x4qOQVsw809S3oLJ2ticG5qM2x4Zw","invite_code":"","agent":"","uuid":"2dcb75bc88c4f3566b40d88b68594ae58"}
[CONTENT]:"os=Android&sdk_version=34&app_version=2024103001&app_name=1.1&google_token=eyJhbGciOiJSUzI1NiIsImtpZCI6IjVkMTJhYjc4MmNiNjA5NjI4NWY2OWU0OGFlYTk5MDc5YmI1OWNiODYiLCJ0eXAiOiJKV1QifQ.eyJpc3MiOiJodHRwczovL2FjY291bnRzLmdvb2dsZS5jb20iLCJhenAiOiI4NDc3MzI1MDk4NzUtdXFhOThubWY5bGRraGp0Y2R1MjFqM2oxZHJzNjRtcW0uYXBwcy5nb29nbGV1c2VyY29udGVudC5jb20iLCJhdWQiOiI4NDc3MzI1MDk4NzUtcnNxYTNmdWdyZXNhYTh2dms2bXFtZHQ1ZWM5bTEwM3MuYXBwcy5nb29nbGV1c2VyY29udGVudC5jb20iLCJzdWIiOiIxMTUxODMyNDg5NDI2ODIwNzEyOTAiLCJlbWFpbCI6Im9hemEzODU1N0BnbWFpbC5jb20iLCJlbWFpbF92ZXJpZmllZCI6dHJ1ZSwibmFtZSI6Im9tYXIgYXphIiwicGljdHVyZSI6Imh0dHBzOi8vbGgzLmdvb2dsZXVzZXJjb250ZW50LmNvbS9hL0FDZzhvY0xEYmtuVW44LXQ0RGhkZWFPVkFpZVJsR1VwLXltUTJTUjBFVUpaandGVVpRd0JHZz1zOTYtYyIsImdpdmVuX25hbWUiOiJvbWFyIiwiZmFtaWx5X25hbWUiOiJhemEiLCJpYXQiOjE3Mzk2ODU3NTMsImV4cCI6MTczOTY4OTM1M30.Gyy9ZtWlwEkP9ZW1msr2FchktzONra7R8d45zUW0Y6vlZmaG2CvhAvfJmVvOtHaBHsmUp_tnRiG0FTv3N2DROO47T_Ub3NMspypulHqlmoLJrzd7Ht6CQlmwI_xMggWBokJOpgQ-AcpeNTiFegWy4dzMtlFUq2bc4f8wAfYXsUSPa96LUdrEVm8tFf40g3ibDbIUVbXfPOKxhjr_LMFiWFEjYnsPAuY21Bf0HYbbJG_S5Esg1V6OoMHn6DhzPMr6TGNwLyY88ztqm_gPK9F-Lo9Xn30fsMcDizzs4skruQC_hOPSQvPcjYlv0x4qOQVsw809S3oLJ2ticG5qM2x4Zw&invite_code=&agent=&uuid=2dcb75bc88c4f3566b40d88b68594ae58"
[DEVICE_INFO]:{"content-length":"1223","cdn-loop":"cloudflare; loops=1","cf-connecting-ip":"188.160.234.110","connection":"Keep-Alive","user-agent":"Mozilla\/5.0 (Linux; U; Android 14; en; TECNO KJ7 Build\/UP1A.231005.007) AppleWebKit\/533.1 (KHTML, like Gecko) Version\/5.0 Mobile Safari\/533.1","cf-visitor":"{\"scheme\":\"http\"}","lang":"en","accept-language":"en","x-forwarded-proto":"http","content-type":"application\/x-www-form-urlencoded","accept-encoding":"gzip","cf-ipcountry":"SY","host":"admin.xivolive.com","x-forwarded-for":"188.160.234.110","cf-ray":"912b545c38bde27d-MRS"}
----------------------------------------
2025-02-16 14:04:21-log
{
  "ip": "188.160.234.110",
  "city": "Damascus",
  "region": "Dimashq",
  "country": "SY",
  "loc": "33.5102,36.2913",
  "org": "AS29256 Syrian Telecommunication Private Closed Joint Stock Company",
  "timezone": "Asia/Damascus"
}

[REQUEST]:LoginApi/google_login
[URL_PARAM]:{"os":"Android","sdk_version":"34","app_version":"2024103001","app_name":"1.1","google_token":"eyJhbGciOiJSUzI1NiIsImtpZCI6IjVkMTJhYjc4MmNiNjA5NjI4NWY2OWU0OGFlYTk5MDc5YmI1OWNiODYiLCJ0eXAiOiJKV1QifQ.eyJpc3MiOiJodHRwczovL2FjY291bnRzLmdvb2dsZS5jb20iLCJhenAiOiI4NDc3MzI1MDk4NzUtdXFhOThubWY5bGRraGp0Y2R1MjFqM2oxZHJzNjRtcW0uYXBwcy5nb29nbGV1c2VyY29udGVudC5jb20iLCJhdWQiOiI4NDc3MzI1MDk4NzUtcnNxYTNmdWdyZXNhYTh2dms2bXFtZHQ1ZWM5bTEwM3MuYXBwcy5nb29nbGV1c2VyY29udGVudC5jb20iLCJzdWIiOiIxMTUxODMyNDg5NDI2ODIwNzEyOTAiLCJlbWFpbCI6Im9hemEzODU1N0BnbWFpbC5jb20iLCJlbWFpbF92ZXJpZmllZCI6dHJ1ZSwibmFtZSI6Im9tYXIgYXphIiwicGljdHVyZSI6Imh0dHBzOi8vbGgzLmdvb2dsZXVzZXJjb250ZW50LmNvbS9hL0FDZzhvY0xEYmtuVW44LXQ0RGhkZWFPVkFpZVJsR1VwLXltUTJTUjBFVUpaandGVVpRd0JHZz1zOTYtYyIsImdpdmVuX25hbWUiOiJvbWFyIiwiZmFtaWx5X25hbWUiOiJhemEiLCJpYXQiOjE3Mzk2ODU3NTMsImV4cCI6MTczOTY4OTM1M30.Gyy9ZtWlwEkP9ZW1msr2FchktzONra7R8d45zUW0Y6vlZmaG2CvhAvfJmVvOtHaBHsmUp_tnRiG0FTv3N2DROO47T_Ub3NMspypulHqlmoLJrzd7Ht6CQlmwI_xMggWBokJOpgQ-AcpeNTiFegWy4dzMtlFUq2bc4f8wAfYXsUSPa96LUdrEVm8tFf40g3ibDbIUVbXfPOKxhjr_LMFiWFEjYnsPAuY21Bf0HYbbJG_S5Esg1V6OoMHn6DhzPMr6TGNwLyY88ztqm_gPK9F-Lo9Xn30fsMcDizzs4skruQC_hOPSQvPcjYlv0x4qOQVsw809S3oLJ2ticG5qM2x4Zw","invite_code":"","agent":"","uuid":"2dcb75bc88c4f3566b40d88b68594ae58"}
[CONTENT]:"os=Android&sdk_version=34&app_version=2024103001&app_name=1.1&google_token=eyJhbGciOiJSUzI1NiIsImtpZCI6IjVkMTJhYjc4MmNiNjA5NjI4NWY2OWU0OGFlYTk5MDc5YmI1OWNiODYiLCJ0eXAiOiJKV1QifQ.eyJpc3MiOiJodHRwczovL2FjY291bnRzLmdvb2dsZS5jb20iLCJhenAiOiI4NDc3MzI1MDk4NzUtdXFhOThubWY5bGRraGp0Y2R1MjFqM2oxZHJzNjRtcW0uYXBwcy5nb29nbGV1c2VyY29udGVudC5jb20iLCJhdWQiOiI4NDc3MzI1MDk4NzUtcnNxYTNmdWdyZXNhYTh2dms2bXFtZHQ1ZWM5bTEwM3MuYXBwcy5nb29nbGV1c2VyY29udGVudC5jb20iLCJzdWIiOiIxMTUxODMyNDg5NDI2ODIwNzEyOTAiLCJlbWFpbCI6Im9hemEzODU1N0BnbWFpbC5jb20iLCJlbWFpbF92ZXJpZmllZCI6dHJ1ZSwibmFtZSI6Im9tYXIgYXphIiwicGljdHVyZSI6Imh0dHBzOi8vbGgzLmdvb2dsZXVzZXJjb250ZW50LmNvbS9hL0FDZzhvY0xEYmtuVW44LXQ0RGhkZWFPVkFpZVJsR1VwLXltUTJTUjBFVUpaandGVVpRd0JHZz1zOTYtYyIsImdpdmVuX25hbWUiOiJvbWFyIiwiZmFtaWx5X25hbWUiOiJhemEiLCJpYXQiOjE3Mzk2ODU3NTMsImV4cCI6MTczOTY4OTM1M30.Gyy9ZtWlwEkP9ZW1msr2FchktzONra7R8d45zUW0Y6vlZmaG2CvhAvfJmVvOtHaBHsmUp_tnRiG0FTv3N2DROO47T_Ub3NMspypulHqlmoLJrzd7Ht6CQlmwI_xMggWBokJOpgQ-AcpeNTiFegWy4dzMtlFUq2bc4f8wAfYXsUSPa96LUdrEVm8tFf40g3ibDbIUVbXfPOKxhjr_LMFiWFEjYnsPAuY21Bf0HYbbJG_S5Esg1V6OoMHn6DhzPMr6TGNwLyY88ztqm_gPK9F-Lo9Xn30fsMcDizzs4skruQC_hOPSQvPcjYlv0x4qOQVsw809S3oLJ2ticG5qM2x4Zw&invite_code=&agent=&uuid=2dcb75bc88c4f3566b40d88b68594ae58"
[DEVICE_INFO]:{"content-length":"1223","cdn-loop":"cloudflare; loops=1","cf-connecting-ip":"188.160.234.110","connection":"Keep-Alive","user-agent":"Mozilla\/5.0 (Linux; U; Android 14; en; TECNO KJ7 Build\/UP1A.231005.007) AppleWebKit\/533.1 (KHTML, like Gecko) Version\/5.0 Mobile Safari\/533.1","cf-visitor":"{\"scheme\":\"http\"}","lang":"en","accept-language":"en","x-forwarded-proto":"http","content-type":"application\/x-www-form-urlencoded","accept-encoding":"gzip","cf-ipcountry":"SY","host":"admin.xivolive.com","x-forwarded-for":"188.160.234.110","cf-ray":"912b56f5f8fde27d-MRS"}
----------------------------------------
2025-02-16 14:05:14-log
{
  "ip": "0.0.0.0",
  "bogon": true
}

[REQUEST]:LoginApi/google_login
[URL_PARAM]:{"os":"Android","sdk_version":"34","app_version":"2024103001","app_name":"1.1","google_token":"eyJhbGciOiJSUzI1NiIsImtpZCI6IjVkMTJhYjc4MmNiNjA5NjI4NWY2OWU0OGFlYTk5MDc5YmI1OWNiODYiLCJ0eXAiOiJKV1QifQ.eyJpc3MiOiJodHRwczovL2FjY291bnRzLmdvb2dsZS5jb20iLCJhenAiOiI4NDc3MzI1MDk4NzUtdXFhOThubWY5bGRraGp0Y2R1MjFqM2oxZHJzNjRtcW0uYXBwcy5nb29nbGV1c2VyY29udGVudC5jb20iLCJhdWQiOiI4NDc3MzI1MDk4NzUtcnNxYTNmdWdyZXNhYTh2dms2bXFtZHQ1ZWM5bTEwM3MuYXBwcy5nb29nbGV1c2VyY29udGVudC5jb20iLCJzdWIiOiIxMTUxODMyNDg5NDI2ODIwNzEyOTAiLCJlbWFpbCI6Im9hemEzODU1N0BnbWFpbC5jb20iLCJlbWFpbF92ZXJpZmllZCI6dHJ1ZSwibmFtZSI6Im9tYXIgYXphIiwicGljdHVyZSI6Imh0dHBzOi8vbGgzLmdvb2dsZXVzZXJjb250ZW50LmNvbS9hL0FDZzhvY0xEYmtuVW44LXQ0RGhkZWFPVkFpZVJsR1VwLXltUTJTUjBFVUpaandGVVpRd0JHZz1zOTYtYyIsImdpdmVuX25hbWUiOiJvbWFyIiwiZmFtaWx5X25hbWUiOiJhemEiLCJpYXQiOjE3Mzk2ODU3NTMsImV4cCI6MTczOTY4OTM1M30.Gyy9ZtWlwEkP9ZW1msr2FchktzONra7R8d45zUW0Y6vlZmaG2CvhAvfJmVvOtHaBHsmUp_tnRiG0FTv3N2DROO47T_Ub3NMspypulHqlmoLJrzd7Ht6CQlmwI_xMggWBokJOpgQ-AcpeNTiFegWy4dzMtlFUq2bc4f8wAfYXsUSPa96LUdrEVm8tFf40g3ibDbIUVbXfPOKxhjr_LMFiWFEjYnsPAuY21Bf0HYbbJG_S5Esg1V6OoMHn6DhzPMr6TGNwLyY88ztqm_gPK9F-Lo9Xn30fsMcDizzs4skruQC_hOPSQvPcjYlv0x4qOQVsw809S3oLJ2ticG5qM2x4Zw","invite_code":"","agent":"","uuid":"2dcb75bc88c4f3566b40d88b68594ae58"}
[CONTENT]:"os=Android&sdk_version=34&app_version=2024103001&app_name=1.1&google_token=eyJhbGciOiJSUzI1NiIsImtpZCI6IjVkMTJhYjc4MmNiNjA5NjI4NWY2OWU0OGFlYTk5MDc5YmI1OWNiODYiLCJ0eXAiOiJKV1QifQ.eyJpc3MiOiJodHRwczovL2FjY291bnRzLmdvb2dsZS5jb20iLCJhenAiOiI4NDc3MzI1MDk4NzUtdXFhOThubWY5bGRraGp0Y2R1MjFqM2oxZHJzNjRtcW0uYXBwcy5nb29nbGV1c2VyY29udGVudC5jb20iLCJhdWQiOiI4NDc3MzI1MDk4NzUtcnNxYTNmdWdyZXNhYTh2dms2bXFtZHQ1ZWM5bTEwM3MuYXBwcy5nb29nbGV1c2VyY29udGVudC5jb20iLCJzdWIiOiIxMTUxODMyNDg5NDI2ODIwNzEyOTAiLCJlbWFpbCI6Im9hemEzODU1N0BnbWFpbC5jb20iLCJlbWFpbF92ZXJpZmllZCI6dHJ1ZSwibmFtZSI6Im9tYXIgYXphIiwicGljdHVyZSI6Imh0dHBzOi8vbGgzLmdvb2dsZXVzZXJjb250ZW50LmNvbS9hL0FDZzhvY0xEYmtuVW44LXQ0RGhkZWFPVkFpZVJsR1VwLXltUTJTUjBFVUpaandGVVpRd0JHZz1zOTYtYyIsImdpdmVuX25hbWUiOiJvbWFyIiwiZmFtaWx5X25hbWUiOiJhemEiLCJpYXQiOjE3Mzk2ODU3NTMsImV4cCI6MTczOTY4OTM1M30.Gyy9ZtWlwEkP9ZW1msr2FchktzONra7R8d45zUW0Y6vlZmaG2CvhAvfJmVvOtHaBHsmUp_tnRiG0FTv3N2DROO47T_Ub3NMspypulHqlmoLJrzd7Ht6CQlmwI_xMggWBokJOpgQ-AcpeNTiFegWy4dzMtlFUq2bc4f8wAfYXsUSPa96LUdrEVm8tFf40g3ibDbIUVbXfPOKxhjr_LMFiWFEjYnsPAuY21Bf0HYbbJG_S5Esg1V6OoMHn6DhzPMr6TGNwLyY88ztqm_gPK9F-Lo9Xn30fsMcDizzs4skruQC_hOPSQvPcjYlv0x4qOQVsw809S3oLJ2ticG5qM2x4Zw&invite_code=&agent=&uuid=2dcb75bc88c4f3566b40d88b68594ae58"
[DEVICE_INFO]:{"content-length":"1223","cdn-loop":"cloudflare; loops=1","cf-connecting-ip":"2001:41d0:806:e0ff:3da9:64a0:db2:6","connection":"Keep-Alive","user-agent":"Mozilla\/5.0 (Linux; U; Android 14; en; TECNO KJ7 Build\/UP1A.231005.007) AppleWebKit\/533.1 (KHTML, like Gecko) Version\/5.0 Mobile Safari\/533.1","cf-visitor":"{\"scheme\":\"http\"}","lang":"en","accept-language":"en","x-forwarded-proto":"http","content-type":"application\/x-www-form-urlencoded","accept-encoding":"gzip","cf-ipcountry":"FR","host":"admin.xivolive.com","x-forwarded-for":"2001:41d0:806:e0ff:3da9:64a0:db2:6","cf-ray":"912b58422d62ecfe-LHR"}
----------------------------------------
2025-02-16 14:06:50-log
{
  "ip": "0.0.0.0",
  "bogon": true
}

[REQUEST]:LoginApi/google_login
[URL_PARAM]:{"os":"Android","sdk_version":"34","app_version":"2024103001","app_name":"1.1","google_token":"eyJhbGciOiJSUzI1NiIsImtpZCI6IjVkMTJhYjc4MmNiNjA5NjI4NWY2OWU0OGFlYTk5MDc5YmI1OWNiODYiLCJ0eXAiOiJKV1QifQ.eyJpc3MiOiJodHRwczovL2FjY291bnRzLmdvb2dsZS5jb20iLCJhenAiOiI4NDc3MzI1MDk4NzUtdXFhOThubWY5bGRraGp0Y2R1MjFqM2oxZHJzNjRtcW0uYXBwcy5nb29nbGV1c2VyY29udGVudC5jb20iLCJhdWQiOiI4NDc3MzI1MDk4NzUtcnNxYTNmdWdyZXNhYTh2dms2bXFtZHQ1ZWM5bTEwM3MuYXBwcy5nb29nbGV1c2VyY29udGVudC5jb20iLCJzdWIiOiIxMTUxODMyNDg5NDI2ODIwNzEyOTAiLCJlbWFpbCI6Im9hemEzODU1N0BnbWFpbC5jb20iLCJlbWFpbF92ZXJpZmllZCI6dHJ1ZSwibmFtZSI6Im9tYXIgYXphIiwicGljdHVyZSI6Imh0dHBzOi8vbGgzLmdvb2dsZXVzZXJjb250ZW50LmNvbS9hL0FDZzhvY0xEYmtuVW44LXQ0RGhkZWFPVkFpZVJsR1VwLXltUTJTUjBFVUpaandGVVpRd0JHZz1zOTYtYyIsImdpdmVuX25hbWUiOiJvbWFyIiwiZmFtaWx5X25hbWUiOiJhemEiLCJpYXQiOjE3Mzk2ODU3NTMsImV4cCI6MTczOTY4OTM1M30.Gyy9ZtWlwEkP9ZW1msr2FchktzONra7R8d45zUW0Y6vlZmaG2CvhAvfJmVvOtHaBHsmUp_tnRiG0FTv3N2DROO47T_Ub3NMspypulHqlmoLJrzd7Ht6CQlmwI_xMggWBokJOpgQ-AcpeNTiFegWy4dzMtlFUq2bc4f8wAfYXsUSPa96LUdrEVm8tFf40g3ibDbIUVbXfPOKxhjr_LMFiWFEjYnsPAuY21Bf0HYbbJG_S5Esg1V6OoMHn6DhzPMr6TGNwLyY88ztqm_gPK9F-Lo9Xn30fsMcDizzs4skruQC_hOPSQvPcjYlv0x4qOQVsw809S3oLJ2ticG5qM2x4Zw","invite_code":"","agent":"","uuid":"2dcb75bc88c4f3566b40d88b68594ae58"}
[CONTENT]:"os=Android&sdk_version=34&app_version=2024103001&app_name=1.1&google_token=eyJhbGciOiJSUzI1NiIsImtpZCI6IjVkMTJhYjc4MmNiNjA5NjI4NWY2OWU0OGFlYTk5MDc5YmI1OWNiODYiLCJ0eXAiOiJKV1QifQ.eyJpc3MiOiJodHRwczovL2FjY291bnRzLmdvb2dsZS5jb20iLCJhenAiOiI4NDc3MzI1MDk4NzUtdXFhOThubWY5bGRraGp0Y2R1MjFqM2oxZHJzNjRtcW0uYXBwcy5nb29nbGV1c2VyY29udGVudC5jb20iLCJhdWQiOiI4NDc3MzI1MDk4NzUtcnNxYTNmdWdyZXNhYTh2dms2bXFtZHQ1ZWM5bTEwM3MuYXBwcy5nb29nbGV1c2VyY29udGVudC5jb20iLCJzdWIiOiIxMTUxODMyNDg5NDI2ODIwNzEyOTAiLCJlbWFpbCI6Im9hemEzODU1N0BnbWFpbC5jb20iLCJlbWFpbF92ZXJpZmllZCI6dHJ1ZSwibmFtZSI6Im9tYXIgYXphIiwicGljdHVyZSI6Imh0dHBzOi8vbGgzLmdvb2dsZXVzZXJjb250ZW50LmNvbS9hL0FDZzhvY0xEYmtuVW44LXQ0RGhkZWFPVkFpZVJsR1VwLXltUTJTUjBFVUpaandGVVpRd0JHZz1zOTYtYyIsImdpdmVuX25hbWUiOiJvbWFyIiwiZmFtaWx5X25hbWUiOiJhemEiLCJpYXQiOjE3Mzk2ODU3NTMsImV4cCI6MTczOTY4OTM1M30.Gyy9ZtWlwEkP9ZW1msr2FchktzONra7R8d45zUW0Y6vlZmaG2CvhAvfJmVvOtHaBHsmUp_tnRiG0FTv3N2DROO47T_Ub3NMspypulHqlmoLJrzd7Ht6CQlmwI_xMggWBokJOpgQ-AcpeNTiFegWy4dzMtlFUq2bc4f8wAfYXsUSPa96LUdrEVm8tFf40g3ibDbIUVbXfPOKxhjr_LMFiWFEjYnsPAuY21Bf0HYbbJG_S5Esg1V6OoMHn6DhzPMr6TGNwLyY88ztqm_gPK9F-Lo9Xn30fsMcDizzs4skruQC_hOPSQvPcjYlv0x4qOQVsw809S3oLJ2ticG5qM2x4Zw&invite_code=&agent=&uuid=2dcb75bc88c4f3566b40d88b68594ae58"
[DEVICE_INFO]:{"content-length":"1223","cdn-loop":"cloudflare; loops=1","cf-connecting-ip":"2001:41d0:806:e0ff:3da9:64a0:db2:6","connection":"Keep-Alive","user-agent":"Mozilla\/5.0 (Linux; U; Android 14; en; TECNO KJ7 Build\/UP1A.231005.007) AppleWebKit\/533.1 (KHTML, like Gecko) Version\/5.0 Mobile Safari\/533.1","cf-visitor":"{\"scheme\":\"http\"}","lang":"en","accept-language":"en","x-forwarded-proto":"http","content-type":"application\/x-www-form-urlencoded","accept-encoding":"gzip","cf-ipcountry":"FR","host":"admin.xivolive.com","x-forwarded-for":"2001:41d0:806:e0ff:3da9:64a0:db2:6","cf-ray":"912b5a986c2f79ac-LHR"}
----------------------------------------
2025-02-16 14:08:53-log
{
  "ip": "188.160.234.110",
  "city": "Damascus",
  "region": "Dimashq",
  "country": "SY",
  "loc": "33.5102,36.2913",
  "org": "AS29256 Syrian Telecommunication Private Closed Joint Stock Company",
  "timezone": "Asia/Damascus"
}

[REQUEST]:LoginApi/google_login
[URL_PARAM]:{"os":"Android","sdk_version":"34","app_version":"2024103001","app_name":"1.1","google_token":"eyJhbGciOiJSUzI1NiIsImtpZCI6IjVkMTJhYjc4MmNiNjA5NjI4NWY2OWU0OGFlYTk5MDc5YmI1OWNiODYiLCJ0eXAiOiJKV1QifQ.eyJpc3MiOiJodHRwczovL2FjY291bnRzLmdvb2dsZS5jb20iLCJhenAiOiI4NDc3MzI1MDk4NzUtdXFhOThubWY5bGRraGp0Y2R1MjFqM2oxZHJzNjRtcW0uYXBwcy5nb29nbGV1c2VyY29udGVudC5jb20iLCJhdWQiOiI4NDc3MzI1MDk4NzUtcnNxYTNmdWdyZXNhYTh2dms2bXFtZHQ1ZWM5bTEwM3MuYXBwcy5nb29nbGV1c2VyY29udGVudC5jb20iLCJzdWIiOiIxMTUxODMyNDg5NDI2ODIwNzEyOTAiLCJlbWFpbCI6Im9hemEzODU1N0BnbWFpbC5jb20iLCJlbWFpbF92ZXJpZmllZCI6dHJ1ZSwibmFtZSI6Im9tYXIgYXphIiwicGljdHVyZSI6Imh0dHBzOi8vbGgzLmdvb2dsZXVzZXJjb250ZW50LmNvbS9hL0FDZzhvY0xEYmtuVW44LXQ0RGhkZWFPVkFpZVJsR1VwLXltUTJTUjBFVUpaandGVVpRd0JHZz1zOTYtYyIsImdpdmVuX25hbWUiOiJvbWFyIiwiZmFtaWx5X25hbWUiOiJhemEiLCJpYXQiOjE3Mzk2ODU3NTMsImV4cCI6MTczOTY4OTM1M30.Gyy9ZtWlwEkP9ZW1msr2FchktzONra7R8d45zUW0Y6vlZmaG2CvhAvfJmVvOtHaBHsmUp_tnRiG0FTv3N2DROO47T_Ub3NMspypulHqlmoLJrzd7Ht6CQlmwI_xMggWBokJOpgQ-AcpeNTiFegWy4dzMtlFUq2bc4f8wAfYXsUSPa96LUdrEVm8tFf40g3ibDbIUVbXfPOKxhjr_LMFiWFEjYnsPAuY21Bf0HYbbJG_S5Esg1V6OoMHn6DhzPMr6TGNwLyY88ztqm_gPK9F-Lo9Xn30fsMcDizzs4skruQC_hOPSQvPcjYlv0x4qOQVsw809S3oLJ2ticG5qM2x4Zw","invite_code":"","agent":"","uuid":"2dcb75bc88c4f3566b40d88b68594ae58"}
[CONTENT]:"os=Android&sdk_version=34&app_version=2024103001&app_name=1.1&google_token=eyJhbGciOiJSUzI1NiIsImtpZCI6IjVkMTJhYjc4MmNiNjA5NjI4NWY2OWU0OGFlYTk5MDc5YmI1OWNiODYiLCJ0eXAiOiJKV1QifQ.eyJpc3MiOiJodHRwczovL2FjY291bnRzLmdvb2dsZS5jb20iLCJhenAiOiI4NDc3MzI1MDk4NzUtdXFhOThubWY5bGRraGp0Y2R1MjFqM2oxZHJzNjRtcW0uYXBwcy5nb29nbGV1c2VyY29udGVudC5jb20iLCJhdWQiOiI4NDc3MzI1MDk4NzUtcnNxYTNmdWdyZXNhYTh2dms2bXFtZHQ1ZWM5bTEwM3MuYXBwcy5nb29nbGV1c2VyY29udGVudC5jb20iLCJzdWIiOiIxMTUxODMyNDg5NDI2ODIwNzEyOTAiLCJlbWFpbCI6Im9hemEzODU1N0BnbWFpbC5jb20iLCJlbWFpbF92ZXJpZmllZCI6dHJ1ZSwibmFtZSI6Im9tYXIgYXphIiwicGljdHVyZSI6Imh0dHBzOi8vbGgzLmdvb2dsZXVzZXJjb250ZW50LmNvbS9hL0FDZzhvY0xEYmtuVW44LXQ0RGhkZWFPVkFpZVJsR1VwLXltUTJTUjBFVUpaandGVVpRd0JHZz1zOTYtYyIsImdpdmVuX25hbWUiOiJvbWFyIiwiZmFtaWx5X25hbWUiOiJhemEiLCJpYXQiOjE3Mzk2ODU3NTMsImV4cCI6MTczOTY4OTM1M30.Gyy9ZtWlwEkP9ZW1msr2FchktzONra7R8d45zUW0Y6vlZmaG2CvhAvfJmVvOtHaBHsmUp_tnRiG0FTv3N2DROO47T_Ub3NMspypulHqlmoLJrzd7Ht6CQlmwI_xMggWBokJOpgQ-AcpeNTiFegWy4dzMtlFUq2bc4f8wAfYXsUSPa96LUdrEVm8tFf40g3ibDbIUVbXfPOKxhjr_LMFiWFEjYnsPAuY21Bf0HYbbJG_S5Esg1V6OoMHn6DhzPMr6TGNwLyY88ztqm_gPK9F-Lo9Xn30fsMcDizzs4skruQC_hOPSQvPcjYlv0x4qOQVsw809S3oLJ2ticG5qM2x4Zw&invite_code=&agent=&uuid=2dcb75bc88c4f3566b40d88b68594ae58"
[DEVICE_INFO]:{"content-length":"1223","cdn-loop":"cloudflare; loops=1","cf-connecting-ip":"188.160.234.110","connection":"Keep-Alive","user-agent":"Mozilla\/5.0 (Linux; U; Android 14; en; TECNO KJ7 Build\/UP1A.231005.007) AppleWebKit\/533.1 (KHTML, like Gecko) Version\/5.0 Mobile Safari\/533.1","cf-visitor":"{\"scheme\":\"http\"}","lang":"en","accept-language":"en","x-forwarded-proto":"http","content-type":"application\/x-www-form-urlencoded","accept-encoding":"gzip","cf-ipcountry":"SY","host":"admin.xivolive.com","x-forwarded-for":"188.160.234.110","cf-ray":"912b5d98698e8a1c-MRS"}
----------------------------------------
2025-02-16 14:12:18-log
{
  "ip": "188.160.234.110",
  "city": "Damascus",
  "region": "Dimashq",
  "country": "SY",
  "loc": "33.5102,36.2913",
  "org": "AS29256 Syrian Telecommunication Private Closed Joint Stock Company",
  "timezone": "Asia/Damascus"
}

[REQUEST]:LoginApi/google_login
[URL_PARAM]:{"os":"Android","sdk_version":"34","app_version":"2024103001","app_name":"1.1","google_token":"eyJhbGciOiJSUzI1NiIsImtpZCI6IjVkMTJhYjc4MmNiNjA5NjI4NWY2OWU0OGFlYTk5MDc5YmI1OWNiODYiLCJ0eXAiOiJKV1QifQ.eyJpc3MiOiJodHRwczovL2FjY291bnRzLmdvb2dsZS5jb20iLCJhenAiOiI4NDc3MzI1MDk4NzUtdXFhOThubWY5bGRraGp0Y2R1MjFqM2oxZHJzNjRtcW0uYXBwcy5nb29nbGV1c2VyY29udGVudC5jb20iLCJhdWQiOiI4NDc3MzI1MDk4NzUtcnNxYTNmdWdyZXNhYTh2dms2bXFtZHQ1ZWM5bTEwM3MuYXBwcy5nb29nbGV1c2VyY29udGVudC5jb20iLCJzdWIiOiIxMTUxODMyNDg5NDI2ODIwNzEyOTAiLCJlbWFpbCI6Im9hemEzODU1N0BnbWFpbC5jb20iLCJlbWFpbF92ZXJpZmllZCI6dHJ1ZSwibmFtZSI6Im9tYXIgYXphIiwicGljdHVyZSI6Imh0dHBzOi8vbGgzLmdvb2dsZXVzZXJjb250ZW50LmNvbS9hL0FDZzhvY0xEYmtuVW44LXQ0RGhkZWFPVkFpZVJsR1VwLXltUTJTUjBFVUpaandGVVpRd0JHZz1zOTYtYyIsImdpdmVuX25hbWUiOiJvbWFyIiwiZmFtaWx5X25hbWUiOiJhemEiLCJpYXQiOjE3Mzk2ODU3NTMsImV4cCI6MTczOTY4OTM1M30.Gyy9ZtWlwEkP9ZW1msr2FchktzONra7R8d45zUW0Y6vlZmaG2CvhAvfJmVvOtHaBHsmUp_tnRiG0FTv3N2DROO47T_Ub3NMspypulHqlmoLJrzd7Ht6CQlmwI_xMggWBokJOpgQ-AcpeNTiFegWy4dzMtlFUq2bc4f8wAfYXsUSPa96LUdrEVm8tFf40g3ibDbIUVbXfPOKxhjr_LMFiWFEjYnsPAuY21Bf0HYbbJG_S5Esg1V6OoMHn6DhzPMr6TGNwLyY88ztqm_gPK9F-Lo9Xn30fsMcDizzs4skruQC_hOPSQvPcjYlv0x4qOQVsw809S3oLJ2ticG5qM2x4Zw","invite_code":"","agent":"","uuid":"2dcb75bc88c4f3566b40d88b68594ae58"}
[CONTENT]:"os=Android&sdk_version=34&app_version=2024103001&app_name=1.1&google_token=eyJhbGciOiJSUzI1NiIsImtpZCI6IjVkMTJhYjc4MmNiNjA5NjI4NWY2OWU0OGFlYTk5MDc5YmI1OWNiODYiLCJ0eXAiOiJKV1QifQ.eyJpc3MiOiJodHRwczovL2FjY291bnRzLmdvb2dsZS5jb20iLCJhenAiOiI4NDc3MzI1MDk4NzUtdXFhOThubWY5bGRraGp0Y2R1MjFqM2oxZHJzNjRtcW0uYXBwcy5nb29nbGV1c2VyY29udGVudC5jb20iLCJhdWQiOiI4NDc3MzI1MDk4NzUtcnNxYTNmdWdyZXNhYTh2dms2bXFtZHQ1ZWM5bTEwM3MuYXBwcy5nb29nbGV1c2VyY29udGVudC5jb20iLCJzdWIiOiIxMTUxODMyNDg5NDI2ODIwNzEyOTAiLCJlbWFpbCI6Im9hemEzODU1N0BnbWFpbC5jb20iLCJlbWFpbF92ZXJpZmllZCI6dHJ1ZSwibmFtZSI6Im9tYXIgYXphIiwicGljdHVyZSI6Imh0dHBzOi8vbGgzLmdvb2dsZXVzZXJjb250ZW50LmNvbS9hL0FDZzhvY0xEYmtuVW44LXQ0RGhkZWFPVkFpZVJsR1VwLXltUTJTUjBFVUpaandGVVpRd0JHZz1zOTYtYyIsImdpdmVuX25hbWUiOiJvbWFyIiwiZmFtaWx5X25hbWUiOiJhemEiLCJpYXQiOjE3Mzk2ODU3NTMsImV4cCI6MTczOTY4OTM1M30.Gyy9ZtWlwEkP9ZW1msr2FchktzONra7R8d45zUW0Y6vlZmaG2CvhAvfJmVvOtHaBHsmUp_tnRiG0FTv3N2DROO47T_Ub3NMspypulHqlmoLJrzd7Ht6CQlmwI_xMggWBokJOpgQ-AcpeNTiFegWy4dzMtlFUq2bc4f8wAfYXsUSPa96LUdrEVm8tFf40g3ibDbIUVbXfPOKxhjr_LMFiWFEjYnsPAuY21Bf0HYbbJG_S5Esg1V6OoMHn6DhzPMr6TGNwLyY88ztqm_gPK9F-Lo9Xn30fsMcDizzs4skruQC_hOPSQvPcjYlv0x4qOQVsw809S3oLJ2ticG5qM2x4Zw&invite_code=&agent=&uuid=2dcb75bc88c4f3566b40d88b68594ae58"
[DEVICE_INFO]:{"content-length":"1223","cdn-loop":"cloudflare; loops=1","cf-connecting-ip":"188.160.234.110","connection":"Keep-Alive","user-agent":"Mozilla\/5.0 (Linux; U; Android 14; en; TECNO KJ7 Build\/UP1A.231005.007) AppleWebKit\/533.1 (KHTML, like Gecko) Version\/5.0 Mobile Safari\/533.1","cf-visitor":"{\"scheme\":\"http\"}","lang":"en","accept-language":"en","x-forwarded-proto":"http","content-type":"application\/x-www-form-urlencoded","accept-encoding":"gzip","cf-ipcountry":"SY","host":"admin.xivolive.com","x-forwarded-for":"188.160.234.110","cf-ray":"912b629cde57e191-MRS"}
----------------------------------------
2025-02-16 14:13:57-log
{
  "ip": "188.160.234.110",
  "city": "Damascus",
  "region": "Dimashq",
  "country": "SY",
  "loc": "33.5102,36.2913",
  "org": "AS29256 Syrian Telecommunication Private Closed Joint Stock Company",
  "timezone": "Asia/Damascus"
}

[REQUEST]:LoginApi/google_login
[URL_PARAM]:{"os":"Android","sdk_version":"34","app_version":"2024103001","app_name":"1.1","uid":"2609937","token":"4b2d3c9f02dd18c07b26f96b5cea5930","google_token":"eyJhbGciOiJSUzI1NiIsImtpZCI6IjVkMTJhYjc4MmNiNjA5NjI4NWY2OWU0OGFlYTk5MDc5YmI1OWNiODYiLCJ0eXAiOiJKV1QifQ.eyJpc3MiOiJodHRwczovL2FjY291bnRzLmdvb2dsZS5jb20iLCJhenAiOiI4NDc3MzI1MDk4NzUtcWljZzUzbTBqNTFrMXRoYzZ0ZjRzcWlncGkzcG9taTkuYXBwcy5nb29nbGV1c2VyY29udGVudC5jb20iLCJhdWQiOiI4NDc3MzI1MDk4NzUtcnNxYTNmdWdyZXNhYTh2dms2bXFtZHQ1ZWM5bTEwM3MuYXBwcy5nb29nbGV1c2VyY29udGVudC5jb20iLCJzdWIiOiIxMTUxODMyNDg5NDI2ODIwNzEyOTAiLCJlbWFpbCI6Im9hemEzODU1N0BnbWFpbC5jb20iLCJlbWFpbF92ZXJpZmllZCI6dHJ1ZSwibmFtZSI6Im9tYXIgYXphIiwicGljdHVyZSI6Imh0dHBzOi8vbGgzLmdvb2dsZXVzZXJjb250ZW50LmNvbS9hL0FDZzhvY0xEYmtuVW44LXQ0RGhkZWFPVkFpZVJsR1VwLXltUTJTUjBFVUpaandGVVpRd0JHZz1zOTYtYyIsImdpdmVuX25hbWUiOiJvbWFyIiwiZmFtaWx5X25hbWUiOiJhemEiLCJpYXQiOjE3Mzk2ODY0MzYsImV4cCI6MTczOTY5MDAzNn0.jFCx-ABeHknLxgSe0yptOSrdXgYd9HlRV3i2o9bNBsnad7A65zWtTlx7xwdSpq4MMwIXJjshe1S9YXj-s1td4ElYicPSooH23Ofu9I6JhNUE45iNpqrqkDwmN_6gC-wGwSBRVvwhYYPF6ICbzCmAuDAFEKBnf12DIiYCmJfcT8_9FySeeJlKVIrPMl9apfCRtxjT9uICu49bYVznNoaP_2brBUWta2GNaFViGXOK5VAoE7FGXv-0aOBUkkYk4eIPuTgguTHUHMFSUxzAfd4vbxWQOmdO9856DO_AIVKRDQrO4a9fHQT_YCCnCIHM2etPcKlBu8nyo-gj8Knq0IusDw","invite_code":"","agent":"","uuid":"2ef6bcadbb2e734ad8b75d5a6aa8937f2"}
[CONTENT]:"os=Android&sdk_version=34&app_version=2024103001&app_name=1.1&uid=2609937&token=4b2d3c9f02dd18c07b26f96b5cea5930&google_token=eyJhbGciOiJSUzI1NiIsImtpZCI6IjVkMTJhYjc4MmNiNjA5NjI4NWY2OWU0OGFlYTk5MDc5YmI1OWNiODYiLCJ0eXAiOiJKV1QifQ.eyJpc3MiOiJodHRwczovL2FjY291bnRzLmdvb2dsZS5jb20iLCJhenAiOiI4NDc3MzI1MDk4NzUtcWljZzUzbTBqNTFrMXRoYzZ0ZjRzcWlncGkzcG9taTkuYXBwcy5nb29nbGV1c2VyY29udGVudC5jb20iLCJhdWQiOiI4NDc3MzI1MDk4NzUtcnNxYTNmdWdyZXNhYTh2dms2bXFtZHQ1ZWM5bTEwM3MuYXBwcy5nb29nbGV1c2VyY29udGVudC5jb20iLCJzdWIiOiIxMTUxODMyNDg5NDI2ODIwNzEyOTAiLCJlbWFpbCI6Im9hemEzODU1N0BnbWFpbC5jb20iLCJlbWFpbF92ZXJpZmllZCI6dHJ1ZSwibmFtZSI6Im9tYXIgYXphIiwicGljdHVyZSI6Imh0dHBzOi8vbGgzLmdvb2dsZXVzZXJjb250ZW50LmNvbS9hL0FDZzhvY0xEYmtuVW44LXQ0RGhkZWFPVkFpZVJsR1VwLXltUTJTUjBFVUpaandGVVpRd0JHZz1zOTYtYyIsImdpdmVuX25hbWUiOiJvbWFyIiwiZmFtaWx5X25hbWUiOiJhemEiLCJpYXQiOjE3Mzk2ODY0MzYsImV4cCI6MTczOTY5MDAzNn0.jFCx-ABeHknLxgSe0yptOSrdXgYd9HlRV3i2o9bNBsnad7A65zWtTlx7xwdSpq4MMwIXJjshe1S9YXj-s1td4ElYicPSooH23Ofu9I6JhNUE45iNpqrqkDwmN_6gC-wGwSBRVvwhYYPF6ICbzCmAuDAFEKBnf12DIiYCmJfcT8_9FySeeJlKVIrPMl9apfCRtxjT9uICu49bYVznNoaP_2brBUWta2GNaFViGXOK5VAoE7FGXv-0aOBUkkYk4eIPuTgguTHUHMFSUxzAfd4vbxWQOmdO9856DO_AIVKRDQrO4a9fHQT_YCCnCIHM2etPcKlBu8nyo-gj8Knq0IusDw&invite_code=&agent=&uuid=2ef6bcadbb2e734ad8b75d5a6aa8937f2"
[DEVICE_INFO]:{"content-length":"1274","cdn-loop":"cloudflare; loops=1","cf-connecting-ip":"188.160.234.110","connection":"Keep-Alive","user-agent":"Mozilla\/5.0 (Linux; U; Android 14; ar; RMX3741 Build\/UKQ1.230924.001) AppleWebKit\/533.1 (KHTML, like Gecko) Version\/5.0 Mobile Safari\/533.1","cf-visitor":"{\"scheme\":\"http\"}","lang":"ar","accept-language":"ar","x-forwarded-proto":"http","content-type":"application\/x-www-form-urlencoded","accept-encoding":"gzip","cf-ipcountry":"SY","host":"admin.xivolive.com","x-forwarded-for":"188.160.234.110","cf-ray":"912b6505d8a7e187-MRS"}
----------------------------------------
2025-02-16 14:16:03-log
{
  "ip": "188.160.234.110",
  "city": "Damascus",
  "region": "Dimashq",
  "country": "SY",
  "loc": "33.5102,36.2913",
  "org": "AS29256 Syrian Telecommunication Private Closed Joint Stock Company",
  "timezone": "Asia/Damascus"
}

[REQUEST]:LoginApi/google_login
[URL_PARAM]:{"os":"Android","sdk_version":"34","app_version":"2024103001","app_name":"1.1","google_token":"eyJhbGciOiJSUzI1NiIsImtpZCI6IjVkMTJhYjc4MmNiNjA5NjI4NWY2OWU0OGFlYTk5MDc5YmI1OWNiODYiLCJ0eXAiOiJKV1QifQ.eyJpc3MiOiJodHRwczovL2FjY291bnRzLmdvb2dsZS5jb20iLCJhenAiOiI4NDc3MzI1MDk4NzUtdXFhOThubWY5bGRraGp0Y2R1MjFqM2oxZHJzNjRtcW0uYXBwcy5nb29nbGV1c2VyY29udGVudC5jb20iLCJhdWQiOiI4NDc3MzI1MDk4NzUtcnNxYTNmdWdyZXNhYTh2dms2bXFtZHQ1ZWM5bTEwM3MuYXBwcy5nb29nbGV1c2VyY29udGVudC5jb20iLCJzdWIiOiIxMTUxODMyNDg5NDI2ODIwNzEyOTAiLCJlbWFpbCI6Im9hemEzODU1N0BnbWFpbC5jb20iLCJlbWFpbF92ZXJpZmllZCI6dHJ1ZSwibmFtZSI6Im9tYXIgYXphIiwicGljdHVyZSI6Imh0dHBzOi8vbGgzLmdvb2dsZXVzZXJjb250ZW50LmNvbS9hL0FDZzhvY0xEYmtuVW44LXQ0RGhkZWFPVkFpZVJsR1VwLXltUTJTUjBFVUpaandGVVpRd0JHZz1zOTYtYyIsImdpdmVuX25hbWUiOiJvbWFyIiwiZmFtaWx5X25hbWUiOiJhemEiLCJpYXQiOjE3Mzk2ODU3NTMsImV4cCI6MTczOTY4OTM1M30.Gyy9ZtWlwEkP9ZW1msr2FchktzONra7R8d45zUW0Y6vlZmaG2CvhAvfJmVvOtHaBHsmUp_tnRiG0FTv3N2DROO47T_Ub3NMspypulHqlmoLJrzd7Ht6CQlmwI_xMggWBokJOpgQ-AcpeNTiFegWy4dzMtlFUq2bc4f8wAfYXsUSPa96LUdrEVm8tFf40g3ibDbIUVbXfPOKxhjr_LMFiWFEjYnsPAuY21Bf0HYbbJG_S5Esg1V6OoMHn6DhzPMr6TGNwLyY88ztqm_gPK9F-Lo9Xn30fsMcDizzs4skruQC_hOPSQvPcjYlv0x4qOQVsw809S3oLJ2ticG5qM2x4Zw","invite_code":"","agent":"","uuid":"2dcb75bc88c4f3566b40d88b68594ae58"}
[CONTENT]:"os=Android&sdk_version=34&app_version=2024103001&app_name=1.1&google_token=eyJhbGciOiJSUzI1NiIsImtpZCI6IjVkMTJhYjc4MmNiNjA5NjI4NWY2OWU0OGFlYTk5MDc5YmI1OWNiODYiLCJ0eXAiOiJKV1QifQ.eyJpc3MiOiJodHRwczovL2FjY291bnRzLmdvb2dsZS5jb20iLCJhenAiOiI4NDc3MzI1MDk4NzUtdXFhOThubWY5bGRraGp0Y2R1MjFqM2oxZHJzNjRtcW0uYXBwcy5nb29nbGV1c2VyY29udGVudC5jb20iLCJhdWQiOiI4NDc3MzI1MDk4NzUtcnNxYTNmdWdyZXNhYTh2dms2bXFtZHQ1ZWM5bTEwM3MuYXBwcy5nb29nbGV1c2VyY29udGVudC5jb20iLCJzdWIiOiIxMTUxODMyNDg5NDI2ODIwNzEyOTAiLCJlbWFpbCI6Im9hemEzODU1N0BnbWFpbC5jb20iLCJlbWFpbF92ZXJpZmllZCI6dHJ1ZSwibmFtZSI6Im9tYXIgYXphIiwicGljdHVyZSI6Imh0dHBzOi8vbGgzLmdvb2dsZXVzZXJjb250ZW50LmNvbS9hL0FDZzhvY0xEYmtuVW44LXQ0RGhkZWFPVkFpZVJsR1VwLXltUTJTUjBFVUpaandGVVpRd0JHZz1zOTYtYyIsImdpdmVuX25hbWUiOiJvbWFyIiwiZmFtaWx5X25hbWUiOiJhemEiLCJpYXQiOjE3Mzk2ODU3NTMsImV4cCI6MTczOTY4OTM1M30.Gyy9ZtWlwEkP9ZW1msr2FchktzONra7R8d45zUW0Y6vlZmaG2CvhAvfJmVvOtHaBHsmUp_tnRiG0FTv3N2DROO47T_Ub3NMspypulHqlmoLJrzd7Ht6CQlmwI_xMggWBokJOpgQ-AcpeNTiFegWy4dzMtlFUq2bc4f8wAfYXsUSPa96LUdrEVm8tFf40g3ibDbIUVbXfPOKxhjr_LMFiWFEjYnsPAuY21Bf0HYbbJG_S5Esg1V6OoMHn6DhzPMr6TGNwLyY88ztqm_gPK9F-Lo9Xn30fsMcDizzs4skruQC_hOPSQvPcjYlv0x4qOQVsw809S3oLJ2ticG5qM2x4Zw&invite_code=&agent=&uuid=2dcb75bc88c4f3566b40d88b68594ae58"
[DEVICE_INFO]:{"content-length":"1223","cdn-loop":"cloudflare; loops=1","cf-connecting-ip":"188.160.234.110","connection":"Keep-Alive","user-agent":"Mozilla\/5.0 (Linux; U; Android 14; en; TECNO KJ7 Build\/UP1A.231005.007) AppleWebKit\/533.1 (KHTML, like Gecko) Version\/5.0 Mobile Safari\/533.1","cf-visitor":"{\"scheme\":\"http\"}","lang":"en","accept-language":"en","x-forwarded-proto":"http","content-type":"application\/x-www-form-urlencoded","accept-encoding":"gzip","cf-ipcountry":"SY","host":"admin.xivolive.com","x-forwarded-for":"188.160.234.110","cf-ray":"912b68193a77e1dd-MRS"}
----------------------------------------
2025-02-16 14:21:42-log
{
  "ip": "188.160.234.110",
  "city": "Damascus",
  "region": "Dimashq",
  "country": "SY",
  "loc": "33.5102,36.2913",
  "org": "AS29256 Syrian Telecommunication Private Closed Joint Stock Company",
  "timezone": "Asia/Damascus"
}

[REQUEST]:LoginApi/google_login
[URL_PARAM]:{"os":"Android","sdk_version":"34","app_version":"2024103001","app_name":"1.1","google_token":"eyJhbGciOiJSUzI1NiIsImtpZCI6IjVkMTJhYjc4MmNiNjA5NjI4NWY2OWU0OGFlYTk5MDc5YmI1OWNiODYiLCJ0eXAiOiJKV1QifQ.eyJpc3MiOiJodHRwczovL2FjY291bnRzLmdvb2dsZS5jb20iLCJhenAiOiI4NDc3MzI1MDk4NzUtdXFhOThubWY5bGRraGp0Y2R1MjFqM2oxZHJzNjRtcW0uYXBwcy5nb29nbGV1c2VyY29udGVudC5jb20iLCJhdWQiOiI4NDc3MzI1MDk4NzUtcnNxYTNmdWdyZXNhYTh2dms2bXFtZHQ1ZWM5bTEwM3MuYXBwcy5nb29nbGV1c2VyY29udGVudC5jb20iLCJzdWIiOiIxMTUxODMyNDg5NDI2ODIwNzEyOTAiLCJlbWFpbCI6Im9hemEzODU1N0BnbWFpbC5jb20iLCJlbWFpbF92ZXJpZmllZCI6dHJ1ZSwibmFtZSI6Im9tYXIgYXphIiwicGljdHVyZSI6Imh0dHBzOi8vbGgzLmdvb2dsZXVzZXJjb250ZW50LmNvbS9hL0FDZzhvY0xEYmtuVW44LXQ0RGhkZWFPVkFpZVJsR1VwLXltUTJTUjBFVUpaandGVVpRd0JHZz1zOTYtYyIsImdpdmVuX25hbWUiOiJvbWFyIiwiZmFtaWx5X25hbWUiOiJhemEiLCJpYXQiOjE3Mzk2ODU3NTMsImV4cCI6MTczOTY4OTM1M30.Gyy9ZtWlwEkP9ZW1msr2FchktzONra7R8d45zUW0Y6vlZmaG2CvhAvfJmVvOtHaBHsmUp_tnRiG0FTv3N2DROO47T_Ub3NMspypulHqlmoLJrzd7Ht6CQlmwI_xMggWBokJOpgQ-AcpeNTiFegWy4dzMtlFUq2bc4f8wAfYXsUSPa96LUdrEVm8tFf40g3ibDbIUVbXfPOKxhjr_LMFiWFEjYnsPAuY21Bf0HYbbJG_S5Esg1V6OoMHn6DhzPMr6TGNwLyY88ztqm_gPK9F-Lo9Xn30fsMcDizzs4skruQC_hOPSQvPcjYlv0x4qOQVsw809S3oLJ2ticG5qM2x4Zw","invite_code":"","agent":"","uuid":"2dcb75bc88c4f3566b40d88b68594ae58"}
[CONTENT]:"os=Android&sdk_version=34&app_version=2024103001&app_name=1.1&google_token=eyJhbGciOiJSUzI1NiIsImtpZCI6IjVkMTJhYjc4MmNiNjA5NjI4NWY2OWU0OGFlYTk5MDc5YmI1OWNiODYiLCJ0eXAiOiJKV1QifQ.eyJpc3MiOiJodHRwczovL2FjY291bnRzLmdvb2dsZS5jb20iLCJhenAiOiI4NDc3MzI1MDk4NzUtdXFhOThubWY5bGRraGp0Y2R1MjFqM2oxZHJzNjRtcW0uYXBwcy5nb29nbGV1c2VyY29udGVudC5jb20iLCJhdWQiOiI4NDc3MzI1MDk4NzUtcnNxYTNmdWdyZXNhYTh2dms2bXFtZHQ1ZWM5bTEwM3MuYXBwcy5nb29nbGV1c2VyY29udGVudC5jb20iLCJzdWIiOiIxMTUxODMyNDg5NDI2ODIwNzEyOTAiLCJlbWFpbCI6Im9hemEzODU1N0BnbWFpbC5jb20iLCJlbWFpbF92ZXJpZmllZCI6dHJ1ZSwibmFtZSI6Im9tYXIgYXphIiwicGljdHVyZSI6Imh0dHBzOi8vbGgzLmdvb2dsZXVzZXJjb250ZW50LmNvbS9hL0FDZzhvY0xEYmtuVW44LXQ0RGhkZWFPVkFpZVJsR1VwLXltUTJTUjBFVUpaandGVVpRd0JHZz1zOTYtYyIsImdpdmVuX25hbWUiOiJvbWFyIiwiZmFtaWx5X25hbWUiOiJhemEiLCJpYXQiOjE3Mzk2ODU3NTMsImV4cCI6MTczOTY4OTM1M30.Gyy9ZtWlwEkP9ZW1msr2FchktzONra7R8d45zUW0Y6vlZmaG2CvhAvfJmVvOtHaBHsmUp_tnRiG0FTv3N2DROO47T_Ub3NMspypulHqlmoLJrzd7Ht6CQlmwI_xMggWBokJOpgQ-AcpeNTiFegWy4dzMtlFUq2bc4f8wAfYXsUSPa96LUdrEVm8tFf40g3ibDbIUVbXfPOKxhjr_LMFiWFEjYnsPAuY21Bf0HYbbJG_S5Esg1V6OoMHn6DhzPMr6TGNwLyY88ztqm_gPK9F-Lo9Xn30fsMcDizzs4skruQC_hOPSQvPcjYlv0x4qOQVsw809S3oLJ2ticG5qM2x4Zw&invite_code=&agent=&uuid=2dcb75bc88c4f3566b40d88b68594ae58"
[DEVICE_INFO]:{"content-length":"1223","cdn-loop":"cloudflare; loops=1","cf-connecting-ip":"188.160.234.110","connection":"Keep-Alive","user-agent":"Mozilla\/5.0 (Linux; U; Android 14; en; TECNO KJ7 Build\/UP1A.231005.007) AppleWebKit\/533.1 (KHTML, like Gecko) Version\/5.0 Mobile Safari\/533.1","cf-visitor":"{\"scheme\":\"http\"}","lang":"en","accept-language":"en","x-forwarded-proto":"http","content-type":"application\/x-www-form-urlencoded","accept-encoding":"gzip","cf-ipcountry":"SY","host":"admin.xivolive.com","x-forwarded-for":"188.160.234.110","cf-ray":"912b705fb91f18a2-MRS"}
----------------------------------------
2025-02-16 14:22:12-log
{
  "ip": "188.160.234.110",
  "city": "Damascus",
  "region": "Dimashq",
  "country": "SY",
  "loc": "33.5102,36.2913",
  "org": "AS29256 Syrian Telecommunication Private Closed Joint Stock Company",
  "timezone": "Asia/Damascus"
}

[REQUEST]:LoginApi/google_login
[URL_PARAM]:{"os":"Android","sdk_version":"34","app_version":"2024103001","app_name":"1.1","google_token":"eyJhbGciOiJSUzI1NiIsImtpZCI6IjVkMTJhYjc4MmNiNjA5NjI4NWY2OWU0OGFlYTk5MDc5YmI1OWNiODYiLCJ0eXAiOiJKV1QifQ.eyJpc3MiOiJodHRwczovL2FjY291bnRzLmdvb2dsZS5jb20iLCJhenAiOiI4NDc3MzI1MDk4NzUtdXFhOThubWY5bGRraGp0Y2R1MjFqM2oxZHJzNjRtcW0uYXBwcy5nb29nbGV1c2VyY29udGVudC5jb20iLCJhdWQiOiI4NDc3MzI1MDk4NzUtcnNxYTNmdWdyZXNhYTh2dms2bXFtZHQ1ZWM5bTEwM3MuYXBwcy5nb29nbGV1c2VyY29udGVudC5jb20iLCJzdWIiOiIxMTUxODMyNDg5NDI2ODIwNzEyOTAiLCJlbWFpbCI6Im9hemEzODU1N0BnbWFpbC5jb20iLCJlbWFpbF92ZXJpZmllZCI6dHJ1ZSwibmFtZSI6Im9tYXIgYXphIiwicGljdHVyZSI6Imh0dHBzOi8vbGgzLmdvb2dsZXVzZXJjb250ZW50LmNvbS9hL0FDZzhvY0xEYmtuVW44LXQ0RGhkZWFPVkFpZVJsR1VwLXltUTJTUjBFVUpaandGVVpRd0JHZz1zOTYtYyIsImdpdmVuX25hbWUiOiJvbWFyIiwiZmFtaWx5X25hbWUiOiJhemEiLCJpYXQiOjE3Mzk2ODU3NTMsImV4cCI6MTczOTY4OTM1M30.Gyy9ZtWlwEkP9ZW1msr2FchktzONra7R8d45zUW0Y6vlZmaG2CvhAvfJmVvOtHaBHsmUp_tnRiG0FTv3N2DROO47T_Ub3NMspypulHqlmoLJrzd7Ht6CQlmwI_xMggWBokJOpgQ-AcpeNTiFegWy4dzMtlFUq2bc4f8wAfYXsUSPa96LUdrEVm8tFf40g3ibDbIUVbXfPOKxhjr_LMFiWFEjYnsPAuY21Bf0HYbbJG_S5Esg1V6OoMHn6DhzPMr6TGNwLyY88ztqm_gPK9F-Lo9Xn30fsMcDizzs4skruQC_hOPSQvPcjYlv0x4qOQVsw809S3oLJ2ticG5qM2x4Zw","invite_code":"","agent":"","uuid":"2dcb75bc88c4f3566b40d88b68594ae58"}
[CONTENT]:"os=Android&sdk_version=34&app_version=2024103001&app_name=1.1&google_token=eyJhbGciOiJSUzI1NiIsImtpZCI6IjVkMTJhYjc4MmNiNjA5NjI4NWY2OWU0OGFlYTk5MDc5YmI1OWNiODYiLCJ0eXAiOiJKV1QifQ.eyJpc3MiOiJodHRwczovL2FjY291bnRzLmdvb2dsZS5jb20iLCJhenAiOiI4NDc3MzI1MDk4NzUtdXFhOThubWY5bGRraGp0Y2R1MjFqM2oxZHJzNjRtcW0uYXBwcy5nb29nbGV1c2VyY29udGVudC5jb20iLCJhdWQiOiI4NDc3MzI1MDk4NzUtcnNxYTNmdWdyZXNhYTh2dms2bXFtZHQ1ZWM5bTEwM3MuYXBwcy5nb29nbGV1c2VyY29udGVudC5jb20iLCJzdWIiOiIxMTUxODMyNDg5NDI2ODIwNzEyOTAiLCJlbWFpbCI6Im9hemEzODU1N0BnbWFpbC5jb20iLCJlbWFpbF92ZXJpZmllZCI6dHJ1ZSwibmFtZSI6Im9tYXIgYXphIiwicGljdHVyZSI6Imh0dHBzOi8vbGgzLmdvb2dsZXVzZXJjb250ZW50LmNvbS9hL0FDZzhvY0xEYmtuVW44LXQ0RGhkZWFPVkFpZVJsR1VwLXltUTJTUjBFVUpaandGVVpRd0JHZz1zOTYtYyIsImdpdmVuX25hbWUiOiJvbWFyIiwiZmFtaWx5X25hbWUiOiJhemEiLCJpYXQiOjE3Mzk2ODU3NTMsImV4cCI6MTczOTY4OTM1M30.Gyy9ZtWlwEkP9ZW1msr2FchktzONra7R8d45zUW0Y6vlZmaG2CvhAvfJmVvOtHaBHsmUp_tnRiG0FTv3N2DROO47T_Ub3NMspypulHqlmoLJrzd7Ht6CQlmwI_xMggWBokJOpgQ-AcpeNTiFegWy4dzMtlFUq2bc4f8wAfYXsUSPa96LUdrEVm8tFf40g3ibDbIUVbXfPOKxhjr_LMFiWFEjYnsPAuY21Bf0HYbbJG_S5Esg1V6OoMHn6DhzPMr6TGNwLyY88ztqm_gPK9F-Lo9Xn30fsMcDizzs4skruQC_hOPSQvPcjYlv0x4qOQVsw809S3oLJ2ticG5qM2x4Zw&invite_code=&agent=&uuid=2dcb75bc88c4f3566b40d88b68594ae58"
[DEVICE_INFO]:{"content-length":"1223","cdn-loop":"cloudflare; loops=1","cf-connecting-ip":"188.160.234.110","connection":"Keep-Alive","user-agent":"Mozilla\/5.0 (Linux; U; Android 14; en; TECNO KJ7 Build\/UP1A.231005.007) AppleWebKit\/533.1 (KHTML, like Gecko) Version\/5.0 Mobile Safari\/533.1","cf-visitor":"{\"scheme\":\"http\"}","lang":"en","accept-language":"en","x-forwarded-proto":"http","content-type":"application\/x-www-form-urlencoded","accept-encoding":"gzip","cf-ipcountry":"SY","host":"admin.xivolive.com","x-forwarded-for":"188.160.234.110","cf-ray":"912b71200c9de225-MRS"}
