----------------------------------------
2025-02-16 09:30:15-log
lucky_send_im ={"ActionStatus":"OK","ErrorCode":0,"ErrorInfo":"","MsgSeq":14481,"MsgTime":1739669415};ext={"type":83,"data":{"user_id":2609932,"user_nickname":"\u270d\u0627\u0644\u0639\u0642\u0640\ud80c\udd02\ud835\udcf6\ud835\udcf8\u0640\u0627\u0628\ud83c\udde9\ud83c\uddea\ud80c\udd02\ud835\udcf6","avatar":"https:\/\/zonechat-1320893901.cos.accelerate.myqcloud.com\/img\/1739139600146_IMG_%D9%A2%D9%A0%D9%A2%D9%A5%D9%A0%D9%A2%D9%A0%D9%A9%D9%A2%D9%A3%D9%A1%D9%A9%D9%A5%D9%A9%D9%A9%D9%A6%D9%A7.jpeg","multiple":70,"text":"Coins back\uff1a<font color='#FFD700' style='font-size:22px;font-weight: bold'>\u270d\u0627\u0644\u0639\u0642\u0640\ud80c\udd02\ud835\udcf6\ud835\udcf8\u0640\u0627\u0628\ud83c\udde9\ud83c\uddea\ud80c\udd02\ud835\udcf6<\/font> Win <font color='#FFD700' style='font-size:22px;font-weight: bold'>70<\/font> times coins back and get <font color='#FFD700' style='font-size:22px;font-weight: bold'>70000<\/font> Coins","voice_user_id":2609932,"notice_type":0}}

[REQUEST]:GiftApi/gift_type_giving
[URL_PARAM]:{"os":"Android","sdk_version":"34","app_version":"2024103001","app_name":"1.1","uid":"2609932","token":"8fa99876efffeba8c3bed6c46edccee6","voice_id":"2609932","call_id":"","gid":"362","to_user_id":"2609932","count":"7","flag":"1739669409931909"}
[CONTENT]:""
[DEVICE_INFO]:{"cf-connecting-ip":"2a02:3030:a94:460e:dbfc:5cec:dad8:27d0","connection":"Keep-Alive","cdn-loop":"cloudflare; loops=1","cf-visitor":"{\"scheme\":\"http\"}","user-agent":"Mozilla\/5.0 (Linux; U; Android 14; ar; SM-A145F Build\/UP1A.231005.007) AppleWebKit\/533.1 (KHTML, like Gecko) Version\/5.0 Mobile Safari\/533.1","lang":"ar","x-forwarded-proto":"http","accept-language":"ar","accept-encoding":"gzip","cf-ipcountry":"DE","host":"admin.xivolive.com","x-forwarded-for":"2a02:3030:a94:460e:dbfc:5cec:dad8:27d0","cf-ray":"9129c562b86e726c-HAM","content-length":"","content-type":""}
----------------------------------------
2025-02-16 09:30:15-log
lucky_send_im ={"ActionStatus":"OK","ErrorCode":0,"ErrorInfo":"","MsgSeq":14482,"MsgTime":1739669415};ext={"type":83,"data":{"user_id":2609932,"user_nickname":"\u270d\u0627\u0644\u0639\u0642\u0640\ud80c\udd02\ud835\udcf6\ud835\udcf8\u0640\u0627\u0628\ud83c\udde9\ud83c\uddea\ud80c\udd02\ud835\udcf6","avatar":"https:\/\/zonechat-1320893901.cos.accelerate.myqcloud.com\/img\/1739139600146_IMG_%D9%A2%D9%A0%D9%A2%D9%A5%D9%A0%D9%A2%D9%A0%D9%A9%D9%A2%D9%A3%D9%A1%D9%A9%D9%A5%D9%A9%D9%A9%D9%A6%D9%A7.jpeg","multiple":70,"text":"Coins back\uff1a<font color='#FFD700' style='font-size:22px;font-weight: bold'>\u270d\u0627\u0644\u0639\u0642\u0640\ud80c\udd02\ud835\udcf6\ud835\udcf8\u0640\u0627\u0628\ud83c\udde9\ud83c\uddea\ud80c\udd02\ud835\udcf6<\/font> Win <font color='#FFD700' style='font-size:22px;font-weight: bold'>70<\/font> times coins back and get <font color='#FFD700' style='font-size:22px;font-weight: bold'>70000<\/font> Coins","voice_user_id":2609932,"notice_type":1}}

[REQUEST]:GiftApi/gift_type_giving
[URL_PARAM]:{"os":"Android","sdk_version":"34","app_version":"2024103001","app_name":"1.1","uid":"2609932","token":"8fa99876efffeba8c3bed6c46edccee6","voice_id":"2609932","call_id":"","gid":"362","to_user_id":"2609932","count":"7","flag":"1739669409931909"}
[CONTENT]:""
[DEVICE_INFO]:{"cf-connecting-ip":"2a02:3030:a94:460e:dbfc:5cec:dad8:27d0","connection":"Keep-Alive","cdn-loop":"cloudflare; loops=1","cf-visitor":"{\"scheme\":\"http\"}","user-agent":"Mozilla\/5.0 (Linux; U; Android 14; ar; SM-A145F Build\/UP1A.231005.007) AppleWebKit\/533.1 (KHTML, like Gecko) Version\/5.0 Mobile Safari\/533.1","lang":"ar","x-forwarded-proto":"http","accept-language":"ar","accept-encoding":"gzip","cf-ipcountry":"DE","host":"admin.xivolive.com","x-forwarded-for":"2a02:3030:a94:460e:dbfc:5cec:dad8:27d0","cf-ray":"9129c562b86e726c-HAM","content-length":"","content-type":""}
----------------------------------------
2025-02-16 09:31:00-log
lucky_send_im ={"ActionStatus":"OK","ErrorCode":0,"ErrorInfo":"","MsgSeq":14483,"MsgTime":1739669460};ext={"type":83,"data":{"user_id":2609932,"user_nickname":"\u270d\u0627\u0644\u0639\u0642\u0640\ud80c\udd02\ud835\udcf6\ud835\udcf8\u0640\u0627\u0628\ud83c\udde9\ud83c\uddea\ud80c\udd02\ud835\udcf6","avatar":"https:\/\/zonechat-1320893901.cos.accelerate.myqcloud.com\/img\/1739139600146_IMG_%D9%A2%D9%A0%D9%A2%D9%A5%D9%A0%D9%A2%D9%A0%D9%A9%D9%A2%D9%A3%D9%A1%D9%A9%D9%A5%D9%A9%D9%A9%D9%A6%D9%A7.jpeg","multiple":10,"text":"Coins back\uff1a<font color='#FFD700' style='font-size:22px;font-weight: bold'>\u270d\u0627\u0644\u0639\u0642\u0640\ud80c\udd02\ud835\udcf6\ud835\udcf8\u0640\u0627\u0628\ud83c\udde9\ud83c\uddea\ud80c\udd02\ud835\udcf6<\/font> Win <font color='#FFD700' style='font-size:22px;font-weight: bold'>10<\/font> times coins back and get <font color='#FFD700' style='font-size:22px;font-weight: bold'>5000<\/font> Coins","voice_user_id":2609932,"notice_type":1}}

[REQUEST]:GiftApi/gift_type_giving
[URL_PARAM]:{"os":"Android","sdk_version":"34","app_version":"2024103001","app_name":"1.1","uid":"2609932","token":"8fa99876efffeba8c3bed6c46edccee6","voice_id":"2609932","call_id":"","gid":"361","to_user_id":"2609932","count":"1","flag":"1739669455127479"}
[CONTENT]:""
[DEVICE_INFO]:{"cf-connecting-ip":"2a02:3030:a94:460e:dbfc:5cec:dad8:27d0","connection":"Keep-Alive","cdn-loop":"cloudflare; loops=1","cf-visitor":"{\"scheme\":\"http\"}","user-agent":"Mozilla\/5.0 (Linux; U; Android 14; ar; SM-A145F Build\/UP1A.231005.007) AppleWebKit\/533.1 (KHTML, like Gecko) Version\/5.0 Mobile Safari\/533.1","lang":"ar","x-forwarded-proto":"http","accept-language":"ar","accept-encoding":"gzip","cf-ipcountry":"DE","host":"admin.xivolive.com","x-forwarded-for":"2a02:3030:a94:460e:dbfc:5cec:dad8:27d0","cf-ray":"9129c679abb862bc-HAM","content-length":"","content-type":""}
----------------------------------------
2025-02-16 09:31:42-log
lucky_send_im ={"ActionStatus":"OK","ErrorCode":0,"ErrorInfo":"","MsgSeq":14484,"MsgTime":1739669502};ext={"type":83,"data":{"user_id":2609932,"user_nickname":"\u270d\u0627\u0644\u0639\u0642\u0640\ud80c\udd02\ud835\udcf6\ud835\udcf8\u0640\u0627\u0628\ud83c\udde9\ud83c\uddea\ud80c\udd02\ud835\udcf6","avatar":"https:\/\/zonechat-1320893901.cos.accelerate.myqcloud.com\/img\/1739139600146_IMG_%D9%A2%D9%A0%D9%A2%D9%A5%D9%A0%D9%A2%D9%A0%D9%A9%D9%A2%D9%A3%D9%A1%D9%A9%D9%A5%D9%A9%D9%A9%D9%A6%D9%A7.jpeg","multiple":10,"text":"Coins back\uff1a<font color='#FFD700' style='font-size:22px;font-weight: bold'>\u270d\u0627\u0644\u0639\u0642\u0640\ud80c\udd02\ud835\udcf6\ud835\udcf8\u0640\u0627\u0628\ud83c\udde9\ud83c\uddea\ud80c\udd02\ud835\udcf6<\/font> Win <font color='#FFD700' style='font-size:22px;font-weight: bold'>10<\/font> times coins back and get <font color='#FFD700' style='font-size:22px;font-weight: bold'>5000<\/font> Coins","voice_user_id":2609932,"notice_type":1}}

[REQUEST]:GiftApi/gift_type_giving
[URL_PARAM]:{"os":"Android","sdk_version":"34","app_version":"2024103001","app_name":"1.1","uid":"2609932","token":"8fa99876efffeba8c3bed6c46edccee6","voice_id":"2609932","call_id":"","gid":"361","to_user_id":"2609932","count":"1","flag":"1739669473045585"}
[CONTENT]:""
[DEVICE_INFO]:{"cf-connecting-ip":"2a02:3030:a94:460e:dbfc:5cec:dad8:27d0","connection":"Keep-Alive","cdn-loop":"cloudflare; loops=1","cf-visitor":"{\"scheme\":\"http\"}","user-agent":"Mozilla\/5.0 (Linux; U; Android 14; ar; SM-A145F Build\/UP1A.231005.007) AppleWebKit\/533.1 (KHTML, like Gecko) Version\/5.0 Mobile Safari\/533.1","lang":"ar","x-forwarded-proto":"http","accept-language":"ar","accept-encoding":"gzip","cf-ipcountry":"DE","host":"admin.xivolive.com","x-forwarded-for":"2a02:3030:a94:460e:dbfc:5cec:dad8:27d0","cf-ray":"9129c785ec6e727c-HAM","content-length":"","content-type":""}
