----------------------------------------
2025-02-17 01:04:44-log
{
  "ip": "46.58.184.79",
  "city": "Aleppo",
  "region": "Aleppo",
  "country": "SY",
  "loc": "36.2012,37.1612",
  "org": "AS29256 Syrian Telecommunication Private Closed Joint Stock Company",
  "timezone": "Asia/Damascus"
}

[REQUEST]:LoginApi/google_login
[URL_PARAM]:{"os":"Android","sdk_version":"34","app_version":"2024103001","app_name":"1.1","google_token":"eyJhbGciOiJSUzI1NiIsImtpZCI6IjVkMTJhYjc4MmNiNjA5NjI4NWY2OWU0OGFlYTk5MDc5YmI1OWNiODYiLCJ0eXAiOiJKV1QifQ.eyJpc3MiOiJodHRwczovL2FjY291bnRzLmdvb2dsZS5jb20iLCJhenAiOiI4NDc3MzI1MDk4NzUtdXFhOThubWY5bGRraGp0Y2R1MjFqM2oxZHJzNjRtcW0uYXBwcy5nb29nbGV1c2VyY29udGVudC5jb20iLCJhdWQiOiI4NDc3MzI1MDk4NzUtcnNxYTNmdWdyZXNhYTh2dms2bXFtZHQ1ZWM5bTEwM3MuYXBwcy5nb29nbGV1c2VyY29udGVudC5jb20iLCJzdWIiOiIxMTUxODMyNDg5NDI2ODIwNzEyOTAiLCJlbWFpbCI6Im9hemEzODU1N0BnbWFpbC5jb20iLCJlbWFpbF92ZXJpZmllZCI6dHJ1ZSwibmFtZSI6Im9tYXIgYXphIiwicGljdHVyZSI6Imh0dHBzOi8vbGgzLmdvb2dsZXVzZXJjb250ZW50LmNvbS9hL0FDZzhvY0xEYmtuVW44LXQ0RGhkZWFPVkFpZVJsR1VwLXltUTJTUjBFVUpaandGVVpRd0JHZz1zOTYtYyIsImdpdmVuX25hbWUiOiJvbWFyIiwiZmFtaWx5X25hbWUiOiJhemEiLCJpYXQiOjE3Mzk3MjU0ODMsImV4cCI6MTczOTcyOTA4M30.qXWQmj8fMGj_XO_ZTWyGbi8vFZa_dnIU3D36Fspmfe_TvFAnaUet5QjnfgGl1EMg8VwqqNj4eTwP8bEEFNSMb0_3g_YEblG8teMJ_c7RZb_3kOxKOO-038_xKFS3xB18S9Y91HdbDTABRhmzyaVp97nPmd0xsYNwe3HikbSION-1SsfAD7SJi1xjqYcfA9TFQAmj8nN2WH0s9LKFhX4uXAUIfaMq9JzNoOuWrnXdrkICWmaOqsSQ2Jw8zHhfpa1PJEwqPReG1HnSgm8MAUqwrZ0WUkWuKeUEWogvA_XIV2w0qjyoqQHM-LTCGw4mpHEhxq-SlJ6o41Ijpr97PSRv7Q","invite_code":"","agent":"","uuid":"2dcb75bc88c4f3566b40d88b68594ae58"}
[CONTENT]:"os=Android&sdk_version=34&app_version=2024103001&app_name=1.1&google_token=eyJhbGciOiJSUzI1NiIsImtpZCI6IjVkMTJhYjc4MmNiNjA5NjI4NWY2OWU0OGFlYTk5MDc5YmI1OWNiODYiLCJ0eXAiOiJKV1QifQ.eyJpc3MiOiJodHRwczovL2FjY291bnRzLmdvb2dsZS5jb20iLCJhenAiOiI4NDc3MzI1MDk4NzUtdXFhOThubWY5bGRraGp0Y2R1MjFqM2oxZHJzNjRtcW0uYXBwcy5nb29nbGV1c2VyY29udGVudC5jb20iLCJhdWQiOiI4NDc3MzI1MDk4NzUtcnNxYTNmdWdyZXNhYTh2dms2bXFtZHQ1ZWM5bTEwM3MuYXBwcy5nb29nbGV1c2VyY29udGVudC5jb20iLCJzdWIiOiIxMTUxODMyNDg5NDI2ODIwNzEyOTAiLCJlbWFpbCI6Im9hemEzODU1N0BnbWFpbC5jb20iLCJlbWFpbF92ZXJpZmllZCI6dHJ1ZSwibmFtZSI6Im9tYXIgYXphIiwicGljdHVyZSI6Imh0dHBzOi8vbGgzLmdvb2dsZXVzZXJjb250ZW50LmNvbS9hL0FDZzhvY0xEYmtuVW44LXQ0RGhkZWFPVkFpZVJsR1VwLXltUTJTUjBFVUpaandGVVpRd0JHZz1zOTYtYyIsImdpdmVuX25hbWUiOiJvbWFyIiwiZmFtaWx5X25hbWUiOiJhemEiLCJpYXQiOjE3Mzk3MjU0ODMsImV4cCI6MTczOTcyOTA4M30.qXWQmj8fMGj_XO_ZTWyGbi8vFZa_dnIU3D36Fspmfe_TvFAnaUet5QjnfgGl1EMg8VwqqNj4eTwP8bEEFNSMb0_3g_YEblG8teMJ_c7RZb_3kOxKOO-038_xKFS3xB18S9Y91HdbDTABRhmzyaVp97nPmd0xsYNwe3HikbSION-1SsfAD7SJi1xjqYcfA9TFQAmj8nN2WH0s9LKFhX4uXAUIfaMq9JzNoOuWrnXdrkICWmaOqsSQ2Jw8zHhfpa1PJEwqPReG1HnSgm8MAUqwrZ0WUkWuKeUEWogvA_XIV2w0qjyoqQHM-LTCGw4mpHEhxq-SlJ6o41Ijpr97PSRv7Q&invite_code=&agent=&uuid=2dcb75bc88c4f3566b40d88b68594ae58"
[DEVICE_INFO]:{"content-length":"1223","cdn-loop":"cloudflare; loops=1","cf-connecting-ip":"46.58.184.79","connection":"Keep-Alive","user-agent":"Mozilla\/5.0 (Linux; U; Android 14; en; TECNO KJ7 Build\/UP1A.231005.007) AppleWebKit\/533.1 (KHTML, like Gecko) Version\/5.0 Mobile Safari\/533.1","cf-visitor":"{\"scheme\":\"http\"}","lang":"en","accept-language":"en","x-forwarded-proto":"http","content-type":"application\/x-www-form-urlencoded","accept-encoding":"gzip","cf-ipcountry":"SY","host":"admin.xivolive.com","x-forwarded-for":"46.58.184.79","cf-ray":"912f1e53bcb5e1b2-MRS"}
----------------------------------------
2025-02-17 01:08:38-log
{
  "ip": "46.58.184.79",
  "city": "Aleppo",
  "region": "Aleppo",
  "country": "SY",
  "loc": "36.2012,37.1612",
  "org": "AS29256 Syrian Telecommunication Private Closed Joint Stock Company",
  "timezone": "Asia/Damascus"
}

[REQUEST]:LoginApi/google_login
[URL_PARAM]:{"os":"Android","sdk_version":"34","app_version":"2024103001","app_name":"1.1","google_token":"eyJhbGciOiJSUzI1NiIsImtpZCI6IjVkMTJhYjc4MmNiNjA5NjI4NWY2OWU0OGFlYTk5MDc5YmI1OWNiODYiLCJ0eXAiOiJKV1QifQ.eyJpc3MiOiJodHRwczovL2FjY291bnRzLmdvb2dsZS5jb20iLCJhenAiOiI4NDc3MzI1MDk4NzUtdXFhOThubWY5bGRraGp0Y2R1MjFqM2oxZHJzNjRtcW0uYXBwcy5nb29nbGV1c2VyY29udGVudC5jb20iLCJhdWQiOiI4NDc3MzI1MDk4NzUtcnNxYTNmdWdyZXNhYTh2dms2bXFtZHQ1ZWM5bTEwM3MuYXBwcy5nb29nbGV1c2VyY29udGVudC5jb20iLCJzdWIiOiIxMDg3OTcyODM1MDI4NTg5OTQyMjQiLCJlbWFpbCI6InNhZWRzYTQwOUBnbWFpbC5jb20iLCJlbWFpbF92ZXJpZmllZCI6dHJ1ZSwibmFtZSI6IlNhZWQgU2EiLCJwaWN0dXJlIjoiaHR0cHM6Ly9saDMuZ29vZ2xldXNlcmNvbnRlbnQuY29tL2EvQUNnOG9jTDFZcVdacmV1WEFydWVaOENyZk9aWWRBdW01Z0dUQnhHdm1uaUt3aGRuTDZOcT1zOTYtYyIsImdpdmVuX25hbWUiOiJTYWVkIiwiZmFtaWx5X25hbWUiOiJTYSIsImlhdCI6MTczOTcyNTcxNiwiZXhwIjoxNzM5NzI5MzE2fQ.lB5890IYjPXtLGb3G6js9wtdq9C4MnGMWJhIh9yQNN_wWhN1t9hD3KUdpZ4e5M4pQ1BvLDCaUtp_RlDeGQOvTAU1fyFUmAvGCoFaU6LqH6exLtX0wGIL3YixCo74L3ZtR1buHcDUViQ2WB3fhxiQZ2WYBzdwF_WP0KyUX4Gy1jVFC-l5HvGPQT3YoiRhdfOK_LSv-0smwJfy5TwvSW23g3Bn9h2PA1eoVwRMBksNInyysXvBTCTw1NNt676Fpiuiiy8Butzmjll34DgJASPDZNjiGMb3MoRoLNELm7ibQ88UTFV86_eVi33Cqlr5ou7AQd5H-zvlqLqh2YECESTpgQ","invite_code":"","agent":"","uuid":"2dcb75bc88c4f3566b40d88b68594ae58"}
[CONTENT]:"os=Android&sdk_version=34&app_version=2024103001&app_name=1.1&google_token=eyJhbGciOiJSUzI1NiIsImtpZCI6IjVkMTJhYjc4MmNiNjA5NjI4NWY2OWU0OGFlYTk5MDc5YmI1OWNiODYiLCJ0eXAiOiJKV1QifQ.eyJpc3MiOiJodHRwczovL2FjY291bnRzLmdvb2dsZS5jb20iLCJhenAiOiI4NDc3MzI1MDk4NzUtdXFhOThubWY5bGRraGp0Y2R1MjFqM2oxZHJzNjRtcW0uYXBwcy5nb29nbGV1c2VyY29udGVudC5jb20iLCJhdWQiOiI4NDc3MzI1MDk4NzUtcnNxYTNmdWdyZXNhYTh2dms2bXFtZHQ1ZWM5bTEwM3MuYXBwcy5nb29nbGV1c2VyY29udGVudC5jb20iLCJzdWIiOiIxMDg3OTcyODM1MDI4NTg5OTQyMjQiLCJlbWFpbCI6InNhZWRzYTQwOUBnbWFpbC5jb20iLCJlbWFpbF92ZXJpZmllZCI6dHJ1ZSwibmFtZSI6IlNhZWQgU2EiLCJwaWN0dXJlIjoiaHR0cHM6Ly9saDMuZ29vZ2xldXNlcmNvbnRlbnQuY29tL2EvQUNnOG9jTDFZcVdacmV1WEFydWVaOENyZk9aWWRBdW01Z0dUQnhHdm1uaUt3aGRuTDZOcT1zOTYtYyIsImdpdmVuX25hbWUiOiJTYWVkIiwiZmFtaWx5X25hbWUiOiJTYSIsImlhdCI6MTczOTcyNTcxNiwiZXhwIjoxNzM5NzI5MzE2fQ.lB5890IYjPXtLGb3G6js9wtdq9C4MnGMWJhIh9yQNN_wWhN1t9hD3KUdpZ4e5M4pQ1BvLDCaUtp_RlDeGQOvTAU1fyFUmAvGCoFaU6LqH6exLtX0wGIL3YixCo74L3ZtR1buHcDUViQ2WB3fhxiQZ2WYBzdwF_WP0KyUX4Gy1jVFC-l5HvGPQT3YoiRhdfOK_LSv-0smwJfy5TwvSW23g3Bn9h2PA1eoVwRMBksNInyysXvBTCTw1NNt676Fpiuiiy8Butzmjll34DgJASPDZNjiGMb3MoRoLNELm7ibQ88UTFV86_eVi33Cqlr5ou7AQd5H-zvlqLqh2YECESTpgQ&invite_code=&agent=&uuid=2dcb75bc88c4f3566b40d88b68594ae58"
[DEVICE_INFO]:{"content-length":"1218","cdn-loop":"cloudflare; loops=1","cf-connecting-ip":"46.58.184.79","connection":"Keep-Alive","user-agent":"Mozilla\/5.0 (Linux; U; Android 14; en; TECNO KJ7 Build\/UP1A.231005.007) AppleWebKit\/533.1 (KHTML, like Gecko) Version\/5.0 Mobile Safari\/533.1","cf-visitor":"{\"scheme\":\"http\"}","lang":"en","accept-language":"en","x-forwarded-proto":"http","content-type":"application\/x-www-form-urlencoded","accept-encoding":"gzip","cf-ipcountry":"SY","host":"admin.xivolive.com","x-forwarded-for":"46.58.184.79","cf-ray":"912f24070f18ed48-MXP"}
----------------------------------------
2025-02-17 01:11:10-log
{
  "ip": "46.58.184.79",
  "city": "Aleppo",
  "region": "Aleppo",
  "country": "SY",
  "loc": "36.2012,37.1612",
  "org": "AS29256 Syrian Telecommunication Private Closed Joint Stock Company",
  "timezone": "Asia/Damascus"
}

[REQUEST]:LoginApi/google_login
[URL_PARAM]:{"os":"Android","sdk_version":"34","app_version":"2024103001","app_name":"1.1","google_token":"eyJhbGciOiJSUzI1NiIsImtpZCI6IjVkMTJhYjc4MmNiNjA5NjI4NWY2OWU0OGFlYTk5MDc5YmI1OWNiODYiLCJ0eXAiOiJKV1QifQ.eyJpc3MiOiJodHRwczovL2FjY291bnRzLmdvb2dsZS5jb20iLCJhenAiOiI4NDc3MzI1MDk4NzUtdXFhOThubWY5bGRraGp0Y2R1MjFqM2oxZHJzNjRtcW0uYXBwcy5nb29nbGV1c2VyY29udGVudC5jb20iLCJhdWQiOiI4NDc3MzI1MDk4NzUtcnNxYTNmdWdyZXNhYTh2dms2bXFtZHQ1ZWM5bTEwM3MuYXBwcy5nb29nbGV1c2VyY29udGVudC5jb20iLCJzdWIiOiIxMTU1NDU5NTQwMjQ0Mzg3ODQzMzkiLCJlbWFpbCI6Im9tcmFuYXpoYXI4MEBnbWFpbC5jb20iLCJlbWFpbF92ZXJpZmllZCI6dHJ1ZSwibmFtZSI6Iti52YXYsdin2YYg2KPYstmH2LEiLCJwaWN0dXJlIjoiaHR0cHM6Ly9saDMuZ29vZ2xldXNlcmNvbnRlbnQuY29tL2EvQUNnOG9jSkN3ODlSVUhTdGExdzJuTlJLYWNRZVRETEVDcklDb01pSFB5UDNKbGVMbGc5bGd0THNlZz1zOTYtYyIsImdpdmVuX25hbWUiOiLYudmF2LHYp9mGIiwiZmFtaWx5X25hbWUiOiLYo9iy2YfYsSIsImlhdCI6MTczOTcyNTg2OSwiZXhwIjoxNzM5NzI5NDY5fQ.V4gL37appZi3z16TsL2m5pwv4PhdmjOJvNHAw80MP4-X1UeWu9Gi_66byPDVvTHJef0NjId1ubxU4_fqLfIhyikqxqH2P9Q-S3nJtKh3nozEqlhQ-VDfrfMsM9BlZB2t8Xq72ixcRsKnDLloiMEbci6bYZFrIhrimNo3sPogZ13MzoNu8d9iLjI1Jk4ut33Hrz_IR9JRE0YqwucyM6pdBCoo26fvJz3hhn46BlqWVB6ojetcd74TDqPXRUMYwFONg3fJWmrTFARdeuzpEkbCshX2L1ka1yriHXciPqiBEREwAlWHB5v2HkA7RCSgSi_pdcD5XQReTQK62Uq-NKZM0A","invite_code":"","agent":"","uuid":"2dcb75bc88c4f3566b40d88b68594ae58"}
[CONTENT]:"os=Android&sdk_version=34&app_version=2024103001&app_name=1.1&google_token=eyJhbGciOiJSUzI1NiIsImtpZCI6IjVkMTJhYjc4MmNiNjA5NjI4NWY2OWU0OGFlYTk5MDc5YmI1OWNiODYiLCJ0eXAiOiJKV1QifQ.eyJpc3MiOiJodHRwczovL2FjY291bnRzLmdvb2dsZS5jb20iLCJhenAiOiI4NDc3MzI1MDk4NzUtdXFhOThubWY5bGRraGp0Y2R1MjFqM2oxZHJzNjRtcW0uYXBwcy5nb29nbGV1c2VyY29udGVudC5jb20iLCJhdWQiOiI4NDc3MzI1MDk4NzUtcnNxYTNmdWdyZXNhYTh2dms2bXFtZHQ1ZWM5bTEwM3MuYXBwcy5nb29nbGV1c2VyY29udGVudC5jb20iLCJzdWIiOiIxMTU1NDU5NTQwMjQ0Mzg3ODQzMzkiLCJlbWFpbCI6Im9tcmFuYXpoYXI4MEBnbWFpbC5jb20iLCJlbWFpbF92ZXJpZmllZCI6dHJ1ZSwibmFtZSI6Iti52YXYsdin2YYg2KPYstmH2LEiLCJwaWN0dXJlIjoiaHR0cHM6Ly9saDMuZ29vZ2xldXNlcmNvbnRlbnQuY29tL2EvQUNnOG9jSkN3ODlSVUhTdGExdzJuTlJLYWNRZVRETEVDcklDb01pSFB5UDNKbGVMbGc5bGd0THNlZz1zOTYtYyIsImdpdmVuX25hbWUiOiLYudmF2LHYp9mGIiwiZmFtaWx5X25hbWUiOiLYo9iy2YfYsSIsImlhdCI6MTczOTcyNTg2OSwiZXhwIjoxNzM5NzI5NDY5fQ.V4gL37appZi3z16TsL2m5pwv4PhdmjOJvNHAw80MP4-X1UeWu9Gi_66byPDVvTHJef0NjId1ubxU4_fqLfIhyikqxqH2P9Q-S3nJtKh3nozEqlhQ-VDfrfMsM9BlZB2t8Xq72ixcRsKnDLloiMEbci6bYZFrIhrimNo3sPogZ13MzoNu8d9iLjI1Jk4ut33Hrz_IR9JRE0YqwucyM6pdBCoo26fvJz3hhn46BlqWVB6ojetcd74TDqPXRUMYwFONg3fJWmrTFARdeuzpEkbCshX2L1ka1yriHXciPqiBEREwAlWHB5v2HkA7RCSgSi_pdcD5XQReTQK62Uq-NKZM0A&invite_code=&agent=&uuid=2dcb75bc88c4f3566b40d88b68594ae58"
[DEVICE_INFO]:{"content-length":"1262","cdn-loop":"cloudflare; loops=1","cf-connecting-ip":"46.58.184.79","connection":"Keep-Alive","user-agent":"Mozilla\/5.0 (Linux; U; Android 14; en; TECNO KJ7 Build\/UP1A.231005.007) AppleWebKit\/533.1 (KHTML, like Gecko) Version\/5.0 Mobile Safari\/533.1","cf-visitor":"{\"scheme\":\"http\"}","lang":"en","accept-language":"en","x-forwarded-proto":"http","content-type":"application\/x-www-form-urlencoded","accept-encoding":"gzip","cf-ipcountry":"SY","host":"admin.xivolive.com","x-forwarded-for":"46.58.184.79","cf-ray":"912f27beae20f7fb-MXP"}
----------------------------------------
2025-02-17 01:13:28-log
{
  "ip": "46.58.184.79",
  "city": "Aleppo",
  "region": "Aleppo",
  "country": "SY",
  "loc": "36.2012,37.1612",
  "org": "AS29256 Syrian Telecommunication Private Closed Joint Stock Company",
  "timezone": "Asia/Damascus"
}

[REQUEST]:LoginApi/google_login
[URL_PARAM]:{"os":"Android","sdk_version":"34","app_version":"2024103001","app_name":"1.1","google_token":"eyJhbGciOiJSUzI1NiIsImtpZCI6IjVkMTJhYjc4MmNiNjA5NjI4NWY2OWU0OGFlYTk5MDc5YmI1OWNiODYiLCJ0eXAiOiJKV1QifQ.eyJpc3MiOiJodHRwczovL2FjY291bnRzLmdvb2dsZS5jb20iLCJhenAiOiI4NDc3MzI1MDk4NzUtcWljZzUzbTBqNTFrMXRoYzZ0ZjRzcWlncGkzcG9taTkuYXBwcy5nb29nbGV1c2VyY29udGVudC5jb20iLCJhdWQiOiI4NDc3MzI1MDk4NzUtcnNxYTNmdWdyZXNhYTh2dms2bXFtZHQ1ZWM5bTEwM3MuYXBwcy5nb29nbGV1c2VyY29udGVudC5jb20iLCJzdWIiOiIxMTUxODMyNDg5NDI2ODIwNzEyOTAiLCJlbWFpbCI6Im9hemEzODU1N0BnbWFpbC5jb20iLCJlbWFpbF92ZXJpZmllZCI6dHJ1ZSwibmFtZSI6Im9tYXIgYXphIiwicGljdHVyZSI6Imh0dHBzOi8vbGgzLmdvb2dsZXVzZXJjb250ZW50LmNvbS9hL0FDZzhvY0xEYmtuVW44LXQ0RGhkZWFPVkFpZVJsR1VwLXltUTJTUjBFVUpaandGVVpRd0JHZz1zOTYtYyIsImdpdmVuX25hbWUiOiJvbWFyIiwiZmFtaWx5X25hbWUiOiJhemEiLCJpYXQiOjE3Mzk3MjYwMDUsImV4cCI6MTczOTcyOTYwNX0.DF3BGXMTmomwYTdUbqQ7U_J8uMREVIYYw4HYXRM0PXyHH0cxv_oUcH3akfezwPUCYjfPHjSk64e2QhjCrSBoIwdU6_qYjdtN_sbdt1G6eeQtEiMH-dJtKalTG4tfUsWgNYlH0ZxmF0BWDWZXXOPmQvrToUMjz_m31XxCKPDBAg0a3EoaCT54mJbroVwF-0egVtlzhteQU-e4_hMEN3_2wkq_0hGl6y5nnDeEAmWOIgFzUJ4bPhj3xHhunfOv4es47rAxFADCp3lmT5DuJ2HUNSSA-hRkLqdGCFm0EyMKaY9Ssj1TtRWp5maYlUTQ_-FcPCsftjl_bhgGowz3ngjKbQ","invite_code":"","agent":"","uuid":"2ef6bcadbb2e734ad8b75d5a6aa8937f2"}
[CONTENT]:"os=Android&sdk_version=34&app_version=2024103001&app_name=1.1&google_token=eyJhbGciOiJSUzI1NiIsImtpZCI6IjVkMTJhYjc4MmNiNjA5NjI4NWY2OWU0OGFlYTk5MDc5YmI1OWNiODYiLCJ0eXAiOiJKV1QifQ.eyJpc3MiOiJodHRwczovL2FjY291bnRzLmdvb2dsZS5jb20iLCJhenAiOiI4NDc3MzI1MDk4NzUtcWljZzUzbTBqNTFrMXRoYzZ0ZjRzcWlncGkzcG9taTkuYXBwcy5nb29nbGV1c2VyY29udGVudC5jb20iLCJhdWQiOiI4NDc3MzI1MDk4NzUtcnNxYTNmdWdyZXNhYTh2dms2bXFtZHQ1ZWM5bTEwM3MuYXBwcy5nb29nbGV1c2VyY29udGVudC5jb20iLCJzdWIiOiIxMTUxODMyNDg5NDI2ODIwNzEyOTAiLCJlbWFpbCI6Im9hemEzODU1N0BnbWFpbC5jb20iLCJlbWFpbF92ZXJpZmllZCI6dHJ1ZSwibmFtZSI6Im9tYXIgYXphIiwicGljdHVyZSI6Imh0dHBzOi8vbGgzLmdvb2dsZXVzZXJjb250ZW50LmNvbS9hL0FDZzhvY0xEYmtuVW44LXQ0RGhkZWFPVkFpZVJsR1VwLXltUTJTUjBFVUpaandGVVpRd0JHZz1zOTYtYyIsImdpdmVuX25hbWUiOiJvbWFyIiwiZmFtaWx5X25hbWUiOiJhemEiLCJpYXQiOjE3Mzk3MjYwMDUsImV4cCI6MTczOTcyOTYwNX0.DF3BGXMTmomwYTdUbqQ7U_J8uMREVIYYw4HYXRM0PXyHH0cxv_oUcH3akfezwPUCYjfPHjSk64e2QhjCrSBoIwdU6_qYjdtN_sbdt1G6eeQtEiMH-dJtKalTG4tfUsWgNYlH0ZxmF0BWDWZXXOPmQvrToUMjz_m31XxCKPDBAg0a3EoaCT54mJbroVwF-0egVtlzhteQU-e4_hMEN3_2wkq_0hGl6y5nnDeEAmWOIgFzUJ4bPhj3xHhunfOv4es47rAxFADCp3lmT5DuJ2HUNSSA-hRkLqdGCFm0EyMKaY9Ssj1TtRWp5maYlUTQ_-FcPCsftjl_bhgGowz3ngjKbQ&invite_code=&agent=&uuid=2ef6bcadbb2e734ad8b75d5a6aa8937f2"
[DEVICE_INFO]:{"content-length":"1223","cdn-loop":"cloudflare; loops=1","cf-connecting-ip":"46.58.184.79","connection":"Keep-Alive","user-agent":"Mozilla\/5.0 (Linux; U; Android 14; ar; RMX3741 Build\/UKQ1.230924.001) AppleWebKit\/533.1 (KHTML, like Gecko) Version\/5.0 Mobile Safari\/533.1","cf-visitor":"{\"scheme\":\"http\"}","lang":"ar","accept-language":"ar","x-forwarded-proto":"http","content-type":"application\/x-www-form-urlencoded","accept-encoding":"gzip","cf-ipcountry":"SY","host":"admin.xivolive.com","x-forwarded-for":"46.58.184.79","cf-ray":"912f2b20cb61eddc-MXP"}
----------------------------------------
2025-02-17 01:14:57-log
{
  "ip": "46.58.184.79",
  "city": "Aleppo",
  "region": "Aleppo",
  "country": "SY",
  "loc": "36.2012,37.1612",
  "org": "AS29256 Syrian Telecommunication Private Closed Joint Stock Company",
  "timezone": "Asia/Damascus"
}

[REQUEST]:LoginApi/google_login
[URL_PARAM]:{"os":"Android","sdk_version":"34","app_version":"2024103001","app_name":"1.1","google_token":"eyJhbGciOiJSUzI1NiIsImtpZCI6IjVkMTJhYjc4MmNiNjA5NjI4NWY2OWU0OGFlYTk5MDc5YmI1OWNiODYiLCJ0eXAiOiJKV1QifQ.eyJpc3MiOiJodHRwczovL2FjY291bnRzLmdvb2dsZS5jb20iLCJhenAiOiI4NDc3MzI1MDk4NzUtdXFhOThubWY5bGRraGp0Y2R1MjFqM2oxZHJzNjRtcW0uYXBwcy5nb29nbGV1c2VyY29udGVudC5jb20iLCJhdWQiOiI4NDc3MzI1MDk4NzUtcnNxYTNmdWdyZXNhYTh2dms2bXFtZHQ1ZWM5bTEwM3MuYXBwcy5nb29nbGV1c2VyY29udGVudC5jb20iLCJzdWIiOiIxMTU1NDU5NTQwMjQ0Mzg3ODQzMzkiLCJlbWFpbCI6Im9tcmFuYXpoYXI4MEBnbWFpbC5jb20iLCJlbWFpbF92ZXJpZmllZCI6dHJ1ZSwibmFtZSI6Iti52YXYsdin2YYg2KPYstmH2LEiLCJwaWN0dXJlIjoiaHR0cHM6Ly9saDMuZ29vZ2xldXNlcmNvbnRlbnQuY29tL2EvQUNnOG9jSkN3ODlSVUhTdGExdzJuTlJLYWNRZVRETEVDcklDb01pSFB5UDNKbGVMbGc5bGd0THNlZz1zOTYtYyIsImdpdmVuX25hbWUiOiLYudmF2LHYp9mGIiwiZmFtaWx5X25hbWUiOiLYo9iy2YfYsSIsImlhdCI6MTczOTcyNTg2OSwiZXhwIjoxNzM5NzI5NDY5fQ.V4gL37appZi3z16TsL2m5pwv4PhdmjOJvNHAw80MP4-X1UeWu9Gi_66byPDVvTHJef0NjId1ubxU4_fqLfIhyikqxqH2P9Q-S3nJtKh3nozEqlhQ-VDfrfMsM9BlZB2t8Xq72ixcRsKnDLloiMEbci6bYZFrIhrimNo3sPogZ13MzoNu8d9iLjI1Jk4ut33Hrz_IR9JRE0YqwucyM6pdBCoo26fvJz3hhn46BlqWVB6ojetcd74TDqPXRUMYwFONg3fJWmrTFARdeuzpEkbCshX2L1ka1yriHXciPqiBEREwAlWHB5v2HkA7RCSgSi_pdcD5XQReTQK62Uq-NKZM0A","invite_code":"","agent":"","uuid":"2dcb75bc88c4f3566b40d88b68594ae58"}
[CONTENT]:"os=Android&sdk_version=34&app_version=2024103001&app_name=1.1&google_token=eyJhbGciOiJSUzI1NiIsImtpZCI6IjVkMTJhYjc4MmNiNjA5NjI4NWY2OWU0OGFlYTk5MDc5YmI1OWNiODYiLCJ0eXAiOiJKV1QifQ.eyJpc3MiOiJodHRwczovL2FjY291bnRzLmdvb2dsZS5jb20iLCJhenAiOiI4NDc3MzI1MDk4NzUtdXFhOThubWY5bGRraGp0Y2R1MjFqM2oxZHJzNjRtcW0uYXBwcy5nb29nbGV1c2VyY29udGVudC5jb20iLCJhdWQiOiI4NDc3MzI1MDk4NzUtcnNxYTNmdWdyZXNhYTh2dms2bXFtZHQ1ZWM5bTEwM3MuYXBwcy5nb29nbGV1c2VyY29udGVudC5jb20iLCJzdWIiOiIxMTU1NDU5NTQwMjQ0Mzg3ODQzMzkiLCJlbWFpbCI6Im9tcmFuYXpoYXI4MEBnbWFpbC5jb20iLCJlbWFpbF92ZXJpZmllZCI6dHJ1ZSwibmFtZSI6Iti52YXYsdin2YYg2KPYstmH2LEiLCJwaWN0dXJlIjoiaHR0cHM6Ly9saDMuZ29vZ2xldXNlcmNvbnRlbnQuY29tL2EvQUNnOG9jSkN3ODlSVUhTdGExdzJuTlJLYWNRZVRETEVDcklDb01pSFB5UDNKbGVMbGc5bGd0THNlZz1zOTYtYyIsImdpdmVuX25hbWUiOiLYudmF2LHYp9mGIiwiZmFtaWx5X25hbWUiOiLYo9iy2YfYsSIsImlhdCI6MTczOTcyNTg2OSwiZXhwIjoxNzM5NzI5NDY5fQ.V4gL37appZi3z16TsL2m5pwv4PhdmjOJvNHAw80MP4-X1UeWu9Gi_66byPDVvTHJef0NjId1ubxU4_fqLfIhyikqxqH2P9Q-S3nJtKh3nozEqlhQ-VDfrfMsM9BlZB2t8Xq72ixcRsKnDLloiMEbci6bYZFrIhrimNo3sPogZ13MzoNu8d9iLjI1Jk4ut33Hrz_IR9JRE0YqwucyM6pdBCoo26fvJz3hhn46BlqWVB6ojetcd74TDqPXRUMYwFONg3fJWmrTFARdeuzpEkbCshX2L1ka1yriHXciPqiBEREwAlWHB5v2HkA7RCSgSi_pdcD5XQReTQK62Uq-NKZM0A&invite_code=&agent=&uuid=2dcb75bc88c4f3566b40d88b68594ae58"
[DEVICE_INFO]:{"content-length":"1262","cdn-loop":"cloudflare; loops=1","cf-connecting-ip":"46.58.184.79","connection":"Keep-Alive","user-agent":"Mozilla\/5.0 (Linux; U; Android 14; en; TECNO KJ7 Build\/UP1A.231005.007) AppleWebKit\/533.1 (KHTML, like Gecko) Version\/5.0 Mobile Safari\/533.1","cf-visitor":"{\"scheme\":\"http\"}","lang":"en","accept-language":"en","x-forwarded-proto":"http","content-type":"application\/x-www-form-urlencoded","accept-encoding":"gzip","cf-ipcountry":"SY","host":"admin.xivolive.com","x-forwarded-for":"46.58.184.79","cf-ray":"912f2d4888e6e1dd-MRS"}
----------------------------------------
2025-02-17 01:20:12-log
{
  "ip": "198.244.189.217",
  "hostname": "vps-a59b9d06.vps.ovh.net",
  "city": "Bexley",
  "region": "England",
  "country": "GB",
  "loc": "51.4416,0.1487",
  "org": "AS16276 OVH SAS",
  "postal": "DA15",
  "timezone": "Europe/London"
}

[REQUEST]:LoginApi/google_login
[URL_PARAM]:{"os":"Android","sdk_version":"34","app_version":"2024103001","app_name":"1.1","google_token":"eyJhbGciOiJSUzI1NiIsImtpZCI6IjVkMTJhYjc4MmNiNjA5NjI4NWY2OWU0OGFlYTk5MDc5YmI1OWNiODYiLCJ0eXAiOiJKV1QifQ.eyJpc3MiOiJodHRwczovL2FjY291bnRzLmdvb2dsZS5jb20iLCJhenAiOiI4NDc3MzI1MDk4NzUtdXFhOThubWY5bGRraGp0Y2R1MjFqM2oxZHJzNjRtcW0uYXBwcy5nb29nbGV1c2VyY29udGVudC5jb20iLCJhdWQiOiI4NDc3MzI1MDk4NzUtcnNxYTNmdWdyZXNhYTh2dms2bXFtZHQ1ZWM5bTEwM3MuYXBwcy5nb29nbGV1c2VyY29udGVudC5jb20iLCJzdWIiOiIxMTU1NDU5NTQwMjQ0Mzg3ODQzMzkiLCJlbWFpbCI6Im9tcmFuYXpoYXI4MEBnbWFpbC5jb20iLCJlbWFpbF92ZXJpZmllZCI6dHJ1ZSwibmFtZSI6Iti52YXYsdin2YYg2KPYstmH2LEiLCJwaWN0dXJlIjoiaHR0cHM6Ly9saDMuZ29vZ2xldXNlcmNvbnRlbnQuY29tL2EvQUNnOG9jSkN3ODlSVUhTdGExdzJuTlJLYWNRZVRETEVDcklDb01pSFB5UDNKbGVMbGc5bGd0THNlZz1zOTYtYyIsImdpdmVuX25hbWUiOiLYudmF2LHYp9mGIiwiZmFtaWx5X25hbWUiOiLYo9iy2YfYsSIsImlhdCI6MTczOTcyNTg2OSwiZXhwIjoxNzM5NzI5NDY5fQ.V4gL37appZi3z16TsL2m5pwv4PhdmjOJvNHAw80MP4-X1UeWu9Gi_66byPDVvTHJef0NjId1ubxU4_fqLfIhyikqxqH2P9Q-S3nJtKh3nozEqlhQ-VDfrfMsM9BlZB2t8Xq72ixcRsKnDLloiMEbci6bYZFrIhrimNo3sPogZ13MzoNu8d9iLjI1Jk4ut33Hrz_IR9JRE0YqwucyM6pdBCoo26fvJz3hhn46BlqWVB6ojetcd74TDqPXRUMYwFONg3fJWmrTFARdeuzpEkbCshX2L1ka1yriHXciPqiBEREwAlWHB5v2HkA7RCSgSi_pdcD5XQReTQK62Uq-NKZM0A","invite_code":"","agent":"","uuid":"2dcb75bc88c4f3566b40d88b68594ae58"}
[CONTENT]:"os=Android&sdk_version=34&app_version=2024103001&app_name=1.1&google_token=eyJhbGciOiJSUzI1NiIsImtpZCI6IjVkMTJhYjc4MmNiNjA5NjI4NWY2OWU0OGFlYTk5MDc5YmI1OWNiODYiLCJ0eXAiOiJKV1QifQ.eyJpc3MiOiJodHRwczovL2FjY291bnRzLmdvb2dsZS5jb20iLCJhenAiOiI4NDc3MzI1MDk4NzUtdXFhOThubWY5bGRraGp0Y2R1MjFqM2oxZHJzNjRtcW0uYXBwcy5nb29nbGV1c2VyY29udGVudC5jb20iLCJhdWQiOiI4NDc3MzI1MDk4NzUtcnNxYTNmdWdyZXNhYTh2dms2bXFtZHQ1ZWM5bTEwM3MuYXBwcy5nb29nbGV1c2VyY29udGVudC5jb20iLCJzdWIiOiIxMTU1NDU5NTQwMjQ0Mzg3ODQzMzkiLCJlbWFpbCI6Im9tcmFuYXpoYXI4MEBnbWFpbC5jb20iLCJlbWFpbF92ZXJpZmllZCI6dHJ1ZSwibmFtZSI6Iti52YXYsdin2YYg2KPYstmH2LEiLCJwaWN0dXJlIjoiaHR0cHM6Ly9saDMuZ29vZ2xldXNlcmNvbnRlbnQuY29tL2EvQUNnOG9jSkN3ODlSVUhTdGExdzJuTlJLYWNRZVRETEVDcklDb01pSFB5UDNKbGVMbGc5bGd0THNlZz1zOTYtYyIsImdpdmVuX25hbWUiOiLYudmF2LHYp9mGIiwiZmFtaWx5X25hbWUiOiLYo9iy2YfYsSIsImlhdCI6MTczOTcyNTg2OSwiZXhwIjoxNzM5NzI5NDY5fQ.V4gL37appZi3z16TsL2m5pwv4PhdmjOJvNHAw80MP4-X1UeWu9Gi_66byPDVvTHJef0NjId1ubxU4_fqLfIhyikqxqH2P9Q-S3nJtKh3nozEqlhQ-VDfrfMsM9BlZB2t8Xq72ixcRsKnDLloiMEbci6bYZFrIhrimNo3sPogZ13MzoNu8d9iLjI1Jk4ut33Hrz_IR9JRE0YqwucyM6pdBCoo26fvJz3hhn46BlqWVB6ojetcd74TDqPXRUMYwFONg3fJWmrTFARdeuzpEkbCshX2L1ka1yriHXciPqiBEREwAlWHB5v2HkA7RCSgSi_pdcD5XQReTQK62Uq-NKZM0A&invite_code=&agent=&uuid=2dcb75bc88c4f3566b40d88b68594ae58"
[DEVICE_INFO]:{"content-length":"1262","cdn-loop":"cloudflare; loops=1","cf-connecting-ip":"198.244.189.217","connection":"Keep-Alive","user-agent":"Mozilla\/5.0 (Linux; U; Android 14; en; TECNO KJ7 Build\/UP1A.231005.007) AppleWebKit\/533.1 (KHTML, like Gecko) Version\/5.0 Mobile Safari\/533.1","cf-visitor":"{\"scheme\":\"http\"}","lang":"en","accept-language":"en","x-forwarded-proto":"http","content-type":"application\/x-www-form-urlencoded","accept-encoding":"gzip","cf-ipcountry":"GB","host":"admin.xivolive.com","x-forwarded-for":"198.244.189.217","cf-ray":"912f34f9596a6322-LHR"}
----------------------------------------
2025-02-17 01:20:37-log
{
  "ip": "198.244.189.217",
  "hostname": "vps-a59b9d06.vps.ovh.net",
  "city": "Bexley",
  "region": "England",
  "country": "GB",
  "loc": "51.4416,0.1487",
  "org": "AS16276 OVH SAS",
  "postal": "DA15",
  "timezone": "Europe/London"
}

[REQUEST]:LoginApi/google_login
[URL_PARAM]:{"os":"Android","sdk_version":"34","app_version":"2024103001","app_name":"1.1","google_token":"eyJhbGciOiJSUzI1NiIsImtpZCI6IjVkMTJhYjc4MmNiNjA5NjI4NWY2OWU0OGFlYTk5MDc5YmI1OWNiODYiLCJ0eXAiOiJKV1QifQ.eyJpc3MiOiJodHRwczovL2FjY291bnRzLmdvb2dsZS5jb20iLCJhenAiOiI4NDc3MzI1MDk4NzUtdXFhOThubWY5bGRraGp0Y2R1MjFqM2oxZHJzNjRtcW0uYXBwcy5nb29nbGV1c2VyY29udGVudC5jb20iLCJhdWQiOiI4NDc3MzI1MDk4NzUtcnNxYTNmdWdyZXNhYTh2dms2bXFtZHQ1ZWM5bTEwM3MuYXBwcy5nb29nbGV1c2VyY29udGVudC5jb20iLCJzdWIiOiIxMTU1NDU5NTQwMjQ0Mzg3ODQzMzkiLCJlbWFpbCI6Im9tcmFuYXpoYXI4MEBnbWFpbC5jb20iLCJlbWFpbF92ZXJpZmllZCI6dHJ1ZSwibmFtZSI6Iti52YXYsdin2YYg2KPYstmH2LEiLCJwaWN0dXJlIjoiaHR0cHM6Ly9saDMuZ29vZ2xldXNlcmNvbnRlbnQuY29tL2EvQUNnOG9jSkN3ODlSVUhTdGExdzJuTlJLYWNRZVRETEVDcklDb01pSFB5UDNKbGVMbGc5bGd0THNlZz1zOTYtYyIsImdpdmVuX25hbWUiOiLYudmF2LHYp9mGIiwiZmFtaWx5X25hbWUiOiLYo9iy2YfYsSIsImlhdCI6MTczOTcyNTg2OSwiZXhwIjoxNzM5NzI5NDY5fQ.V4gL37appZi3z16TsL2m5pwv4PhdmjOJvNHAw80MP4-X1UeWu9Gi_66byPDVvTHJef0NjId1ubxU4_fqLfIhyikqxqH2P9Q-S3nJtKh3nozEqlhQ-VDfrfMsM9BlZB2t8Xq72ixcRsKnDLloiMEbci6bYZFrIhrimNo3sPogZ13MzoNu8d9iLjI1Jk4ut33Hrz_IR9JRE0YqwucyM6pdBCoo26fvJz3hhn46BlqWVB6ojetcd74TDqPXRUMYwFONg3fJWmrTFARdeuzpEkbCshX2L1ka1yriHXciPqiBEREwAlWHB5v2HkA7RCSgSi_pdcD5XQReTQK62Uq-NKZM0A","invite_code":"","agent":"","uuid":"2dcb75bc88c4f3566b40d88b68594ae58"}
[CONTENT]:"os=Android&sdk_version=34&app_version=2024103001&app_name=1.1&google_token=eyJhbGciOiJSUzI1NiIsImtpZCI6IjVkMTJhYjc4MmNiNjA5NjI4NWY2OWU0OGFlYTk5MDc5YmI1OWNiODYiLCJ0eXAiOiJKV1QifQ.eyJpc3MiOiJodHRwczovL2FjY291bnRzLmdvb2dsZS5jb20iLCJhenAiOiI4NDc3MzI1MDk4NzUtdXFhOThubWY5bGRraGp0Y2R1MjFqM2oxZHJzNjRtcW0uYXBwcy5nb29nbGV1c2VyY29udGVudC5jb20iLCJhdWQiOiI4NDc3MzI1MDk4NzUtcnNxYTNmdWdyZXNhYTh2dms2bXFtZHQ1ZWM5bTEwM3MuYXBwcy5nb29nbGV1c2VyY29udGVudC5jb20iLCJzdWIiOiIxMTU1NDU5NTQwMjQ0Mzg3ODQzMzkiLCJlbWFpbCI6Im9tcmFuYXpoYXI4MEBnbWFpbC5jb20iLCJlbWFpbF92ZXJpZmllZCI6dHJ1ZSwibmFtZSI6Iti52YXYsdin2YYg2KPYstmH2LEiLCJwaWN0dXJlIjoiaHR0cHM6Ly9saDMuZ29vZ2xldXNlcmNvbnRlbnQuY29tL2EvQUNnOG9jSkN3ODlSVUhTdGExdzJuTlJLYWNRZVRETEVDcklDb01pSFB5UDNKbGVMbGc5bGd0THNlZz1zOTYtYyIsImdpdmVuX25hbWUiOiLYudmF2LHYp9mGIiwiZmFtaWx5X25hbWUiOiLYo9iy2YfYsSIsImlhdCI6MTczOTcyNTg2OSwiZXhwIjoxNzM5NzI5NDY5fQ.V4gL37appZi3z16TsL2m5pwv4PhdmjOJvNHAw80MP4-X1UeWu9Gi_66byPDVvTHJef0NjId1ubxU4_fqLfIhyikqxqH2P9Q-S3nJtKh3nozEqlhQ-VDfrfMsM9BlZB2t8Xq72ixcRsKnDLloiMEbci6bYZFrIhrimNo3sPogZ13MzoNu8d9iLjI1Jk4ut33Hrz_IR9JRE0YqwucyM6pdBCoo26fvJz3hhn46BlqWVB6ojetcd74TDqPXRUMYwFONg3fJWmrTFARdeuzpEkbCshX2L1ka1yriHXciPqiBEREwAlWHB5v2HkA7RCSgSi_pdcD5XQReTQK62Uq-NKZM0A&invite_code=&agent=&uuid=2dcb75bc88c4f3566b40d88b68594ae58"
[DEVICE_INFO]:{"content-length":"1262","cdn-loop":"cloudflare; loops=1","cf-connecting-ip":"198.244.189.217","connection":"Keep-Alive","user-agent":"Mozilla\/5.0 (Linux; U; Android 14; en; TECNO KJ7 Build\/UP1A.231005.007) AppleWebKit\/533.1 (KHTML, like Gecko) Version\/5.0 Mobile Safari\/533.1","cf-visitor":"{\"scheme\":\"http\"}","lang":"en","accept-language":"en","x-forwarded-proto":"http","content-type":"application\/x-www-form-urlencoded","accept-encoding":"gzip","cf-ipcountry":"GB","host":"admin.xivolive.com","x-forwarded-for":"198.244.189.217","cf-ray":"912f3598b9db6442-LHR"}
----------------------------------------
2025-02-17 01:21:38-log
{
  "ip": "46.58.184.79",
  "city": "Aleppo",
  "region": "Aleppo",
  "country": "SY",
  "loc": "36.2012,37.1612",
  "org": "AS29256 Syrian Telecommunication Private Closed Joint Stock Company",
  "timezone": "Asia/Damascus"
}

[REQUEST]:LoginApi/google_login
[URL_PARAM]:{"os":"Android","sdk_version":"34","app_version":"2024103001","app_name":"1.1","google_token":"eyJhbGciOiJSUzI1NiIsImtpZCI6IjVkMTJhYjc4MmNiNjA5NjI4NWY2OWU0OGFlYTk5MDc5YmI1OWNiODYiLCJ0eXAiOiJKV1QifQ.eyJpc3MiOiJodHRwczovL2FjY291bnRzLmdvb2dsZS5jb20iLCJhenAiOiI4NDc3MzI1MDk4NzUtdXFhOThubWY5bGRraGp0Y2R1MjFqM2oxZHJzNjRtcW0uYXBwcy5nb29nbGV1c2VyY29udGVudC5jb20iLCJhdWQiOiI4NDc3MzI1MDk4NzUtcnNxYTNmdWdyZXNhYTh2dms2bXFtZHQ1ZWM5bTEwM3MuYXBwcy5nb29nbGV1c2VyY29udGVudC5jb20iLCJzdWIiOiIxMDg3OTcyODM1MDI4NTg5OTQyMjQiLCJlbWFpbCI6InNhZWRzYTQwOUBnbWFpbC5jb20iLCJlbWFpbF92ZXJpZmllZCI6dHJ1ZSwibmFtZSI6IlNhZWQgU2EiLCJwaWN0dXJlIjoiaHR0cHM6Ly9saDMuZ29vZ2xldXNlcmNvbnRlbnQuY29tL2EvQUNnOG9jTDFZcVdacmV1WEFydWVaOENyZk9aWWRBdW01Z0dUQnhHdm1uaUt3aGRuTDZOcT1zOTYtYyIsImdpdmVuX25hbWUiOiJTYWVkIiwiZmFtaWx5X25hbWUiOiJTYSIsImlhdCI6MTczOTcyNTcxNiwiZXhwIjoxNzM5NzI5MzE2fQ.lB5890IYjPXtLGb3G6js9wtdq9C4MnGMWJhIh9yQNN_wWhN1t9hD3KUdpZ4e5M4pQ1BvLDCaUtp_RlDeGQOvTAU1fyFUmAvGCoFaU6LqH6exLtX0wGIL3YixCo74L3ZtR1buHcDUViQ2WB3fhxiQZ2WYBzdwF_WP0KyUX4Gy1jVFC-l5HvGPQT3YoiRhdfOK_LSv-0smwJfy5TwvSW23g3Bn9h2PA1eoVwRMBksNInyysXvBTCTw1NNt676Fpiuiiy8Butzmjll34DgJASPDZNjiGMb3MoRoLNELm7ibQ88UTFV86_eVi33Cqlr5ou7AQd5H-zvlqLqh2YECESTpgQ","invite_code":"","agent":"","uuid":"2dcb75bc88c4f3566b40d88b68594ae58"}
[CONTENT]:"os=Android&sdk_version=34&app_version=2024103001&app_name=1.1&google_token=eyJhbGciOiJSUzI1NiIsImtpZCI6IjVkMTJhYjc4MmNiNjA5NjI4NWY2OWU0OGFlYTk5MDc5YmI1OWNiODYiLCJ0eXAiOiJKV1QifQ.eyJpc3MiOiJodHRwczovL2FjY291bnRzLmdvb2dsZS5jb20iLCJhenAiOiI4NDc3MzI1MDk4NzUtdXFhOThubWY5bGRraGp0Y2R1MjFqM2oxZHJzNjRtcW0uYXBwcy5nb29nbGV1c2VyY29udGVudC5jb20iLCJhdWQiOiI4NDc3MzI1MDk4NzUtcnNxYTNmdWdyZXNhYTh2dms2bXFtZHQ1ZWM5bTEwM3MuYXBwcy5nb29nbGV1c2VyY29udGVudC5jb20iLCJzdWIiOiIxMDg3OTcyODM1MDI4NTg5OTQyMjQiLCJlbWFpbCI6InNhZWRzYTQwOUBnbWFpbC5jb20iLCJlbWFpbF92ZXJpZmllZCI6dHJ1ZSwibmFtZSI6IlNhZWQgU2EiLCJwaWN0dXJlIjoiaHR0cHM6Ly9saDMuZ29vZ2xldXNlcmNvbnRlbnQuY29tL2EvQUNnOG9jTDFZcVdacmV1WEFydWVaOENyZk9aWWRBdW01Z0dUQnhHdm1uaUt3aGRuTDZOcT1zOTYtYyIsImdpdmVuX25hbWUiOiJTYWVkIiwiZmFtaWx5X25hbWUiOiJTYSIsImlhdCI6MTczOTcyNTcxNiwiZXhwIjoxNzM5NzI5MzE2fQ.lB5890IYjPXtLGb3G6js9wtdq9C4MnGMWJhIh9yQNN_wWhN1t9hD3KUdpZ4e5M4pQ1BvLDCaUtp_RlDeGQOvTAU1fyFUmAvGCoFaU6LqH6exLtX0wGIL3YixCo74L3ZtR1buHcDUViQ2WB3fhxiQZ2WYBzdwF_WP0KyUX4Gy1jVFC-l5HvGPQT3YoiRhdfOK_LSv-0smwJfy5TwvSW23g3Bn9h2PA1eoVwRMBksNInyysXvBTCTw1NNt676Fpiuiiy8Butzmjll34DgJASPDZNjiGMb3MoRoLNELm7ibQ88UTFV86_eVi33Cqlr5ou7AQd5H-zvlqLqh2YECESTpgQ&invite_code=&agent=&uuid=2dcb75bc88c4f3566b40d88b68594ae58"
[DEVICE_INFO]:{"content-length":"1218","cdn-loop":"cloudflare; loops=1","cf-connecting-ip":"46.58.184.79","connection":"Keep-Alive","user-agent":"Mozilla\/5.0 (Linux; U; Android 14; en; TECNO KJ7 Build\/UP1A.231005.007) AppleWebKit\/533.1 (KHTML, like Gecko) Version\/5.0 Mobile Safari\/533.1","cf-visitor":"{\"scheme\":\"http\"}","lang":"en","accept-language":"en","x-forwarded-proto":"http","content-type":"application\/x-www-form-urlencoded","accept-encoding":"gzip","cf-ipcountry":"SY","host":"admin.xivolive.com","x-forwarded-for":"46.58.184.79","cf-ray":"912f3716f925e276-MRS"}
----------------------------------------
2025-02-17 01:22:02-log
{
  "ip": "46.58.184.79",
  "city": "Aleppo",
  "region": "Aleppo",
  "country": "SY",
  "loc": "36.2012,37.1612",
  "org": "AS29256 Syrian Telecommunication Private Closed Joint Stock Company",
  "timezone": "Asia/Damascus"
}

[REQUEST]:LoginApi/google_login
[URL_PARAM]:{"os":"Android","sdk_version":"34","app_version":"2024103001","app_name":"1.1","google_token":"eyJhbGciOiJSUzI1NiIsImtpZCI6IjVkMTJhYjc4MmNiNjA5NjI4NWY2OWU0OGFlYTk5MDc5YmI1OWNiODYiLCJ0eXAiOiJKV1QifQ.eyJpc3MiOiJodHRwczovL2FjY291bnRzLmdvb2dsZS5jb20iLCJhenAiOiI4NDc3MzI1MDk4NzUtdXFhOThubWY5bGRraGp0Y2R1MjFqM2oxZHJzNjRtcW0uYXBwcy5nb29nbGV1c2VyY29udGVudC5jb20iLCJhdWQiOiI4NDc3MzI1MDk4NzUtcnNxYTNmdWdyZXNhYTh2dms2bXFtZHQ1ZWM5bTEwM3MuYXBwcy5nb29nbGV1c2VyY29udGVudC5jb20iLCJzdWIiOiIxMTUxODMyNDg5NDI2ODIwNzEyOTAiLCJlbWFpbCI6Im9hemEzODU1N0BnbWFpbC5jb20iLCJlbWFpbF92ZXJpZmllZCI6dHJ1ZSwibmFtZSI6Im9tYXIgYXphIiwicGljdHVyZSI6Imh0dHBzOi8vbGgzLmdvb2dsZXVzZXJjb250ZW50LmNvbS9hL0FDZzhvY0xEYmtuVW44LXQ0RGhkZWFPVkFpZVJsR1VwLXltUTJTUjBFVUpaandGVVpRd0JHZz1zOTYtYyIsImdpdmVuX25hbWUiOiJvbWFyIiwiZmFtaWx5X25hbWUiOiJhemEiLCJpYXQiOjE3Mzk3MjU0ODMsImV4cCI6MTczOTcyOTA4M30.qXWQmj8fMGj_XO_ZTWyGbi8vFZa_dnIU3D36Fspmfe_TvFAnaUet5QjnfgGl1EMg8VwqqNj4eTwP8bEEFNSMb0_3g_YEblG8teMJ_c7RZb_3kOxKOO-038_xKFS3xB18S9Y91HdbDTABRhmzyaVp97nPmd0xsYNwe3HikbSION-1SsfAD7SJi1xjqYcfA9TFQAmj8nN2WH0s9LKFhX4uXAUIfaMq9JzNoOuWrnXdrkICWmaOqsSQ2Jw8zHhfpa1PJEwqPReG1HnSgm8MAUqwrZ0WUkWuKeUEWogvA_XIV2w0qjyoqQHM-LTCGw4mpHEhxq-SlJ6o41Ijpr97PSRv7Q","invite_code":"","agent":"","uuid":"2dcb75bc88c4f3566b40d88b68594ae58"}
[CONTENT]:"os=Android&sdk_version=34&app_version=2024103001&app_name=1.1&google_token=eyJhbGciOiJSUzI1NiIsImtpZCI6IjVkMTJhYjc4MmNiNjA5NjI4NWY2OWU0OGFlYTk5MDc5YmI1OWNiODYiLCJ0eXAiOiJKV1QifQ.eyJpc3MiOiJodHRwczovL2FjY291bnRzLmdvb2dsZS5jb20iLCJhenAiOiI4NDc3MzI1MDk4NzUtdXFhOThubWY5bGRraGp0Y2R1MjFqM2oxZHJzNjRtcW0uYXBwcy5nb29nbGV1c2VyY29udGVudC5jb20iLCJhdWQiOiI4NDc3MzI1MDk4NzUtcnNxYTNmdWdyZXNhYTh2dms2bXFtZHQ1ZWM5bTEwM3MuYXBwcy5nb29nbGV1c2VyY29udGVudC5jb20iLCJzdWIiOiIxMTUxODMyNDg5NDI2ODIwNzEyOTAiLCJlbWFpbCI6Im9hemEzODU1N0BnbWFpbC5jb20iLCJlbWFpbF92ZXJpZmllZCI6dHJ1ZSwibmFtZSI6Im9tYXIgYXphIiwicGljdHVyZSI6Imh0dHBzOi8vbGgzLmdvb2dsZXVzZXJjb250ZW50LmNvbS9hL0FDZzhvY0xEYmtuVW44LXQ0RGhkZWFPVkFpZVJsR1VwLXltUTJTUjBFVUpaandGVVpRd0JHZz1zOTYtYyIsImdpdmVuX25hbWUiOiJvbWFyIiwiZmFtaWx5X25hbWUiOiJhemEiLCJpYXQiOjE3Mzk3MjU0ODMsImV4cCI6MTczOTcyOTA4M30.qXWQmj8fMGj_XO_ZTWyGbi8vFZa_dnIU3D36Fspmfe_TvFAnaUet5QjnfgGl1EMg8VwqqNj4eTwP8bEEFNSMb0_3g_YEblG8teMJ_c7RZb_3kOxKOO-038_xKFS3xB18S9Y91HdbDTABRhmzyaVp97nPmd0xsYNwe3HikbSION-1SsfAD7SJi1xjqYcfA9TFQAmj8nN2WH0s9LKFhX4uXAUIfaMq9JzNoOuWrnXdrkICWmaOqsSQ2Jw8zHhfpa1PJEwqPReG1HnSgm8MAUqwrZ0WUkWuKeUEWogvA_XIV2w0qjyoqQHM-LTCGw4mpHEhxq-SlJ6o41Ijpr97PSRv7Q&invite_code=&agent=&uuid=2dcb75bc88c4f3566b40d88b68594ae58"
[DEVICE_INFO]:{"content-length":"1223","cdn-loop":"cloudflare; loops=1","cf-connecting-ip":"46.58.184.79","connection":"Keep-Alive","user-agent":"Mozilla\/5.0 (Linux; U; Android 14; en; TECNO KJ7 Build\/UP1A.231005.007) AppleWebKit\/533.1 (KHTML, like Gecko) Version\/5.0 Mobile Safari\/533.1","cf-visitor":"{\"scheme\":\"http\"}","lang":"en","accept-language":"en","x-forwarded-proto":"http","content-type":"application\/x-www-form-urlencoded","accept-encoding":"gzip","cf-ipcountry":"SY","host":"admin.xivolive.com","x-forwarded-for":"46.58.184.79","cf-ray":"912f37a84e7ee214-MRS"}
----------------------------------------
2025-02-17 01:22:23-log
{
  "ip": "46.58.184.79",
  "city": "Aleppo",
  "region": "Aleppo",
  "country": "SY",
  "loc": "36.2012,37.1612",
  "org": "AS29256 Syrian Telecommunication Private Closed Joint Stock Company",
  "timezone": "Asia/Damascus"
}

[REQUEST]:LoginApi/google_login
[URL_PARAM]:{"os":"Android","sdk_version":"34","app_version":"2024103001","app_name":"1.1","google_token":"eyJhbGciOiJSUzI1NiIsImtpZCI6IjVkMTJhYjc4MmNiNjA5NjI4NWY2OWU0OGFlYTk5MDc5YmI1OWNiODYiLCJ0eXAiOiJKV1QifQ.eyJpc3MiOiJodHRwczovL2FjY291bnRzLmdvb2dsZS5jb20iLCJhenAiOiI4NDc3MzI1MDk4NzUtdXFhOThubWY5bGRraGp0Y2R1MjFqM2oxZHJzNjRtcW0uYXBwcy5nb29nbGV1c2VyY29udGVudC5jb20iLCJhdWQiOiI4NDc3MzI1MDk4NzUtcnNxYTNmdWdyZXNhYTh2dms2bXFtZHQ1ZWM5bTEwM3MuYXBwcy5nb29nbGV1c2VyY29udGVudC5jb20iLCJzdWIiOiIxMDg3OTcyODM1MDI4NTg5OTQyMjQiLCJlbWFpbCI6InNhZWRzYTQwOUBnbWFpbC5jb20iLCJlbWFpbF92ZXJpZmllZCI6dHJ1ZSwibmFtZSI6IlNhZWQgU2EiLCJwaWN0dXJlIjoiaHR0cHM6Ly9saDMuZ29vZ2xldXNlcmNvbnRlbnQuY29tL2EvQUNnOG9jTDFZcVdacmV1WEFydWVaOENyZk9aWWRBdW01Z0dUQnhHdm1uaUt3aGRuTDZOcT1zOTYtYyIsImdpdmVuX25hbWUiOiJTYWVkIiwiZmFtaWx5X25hbWUiOiJTYSIsImlhdCI6MTczOTcyNTcxNiwiZXhwIjoxNzM5NzI5MzE2fQ.lB5890IYjPXtLGb3G6js9wtdq9C4MnGMWJhIh9yQNN_wWhN1t9hD3KUdpZ4e5M4pQ1BvLDCaUtp_RlDeGQOvTAU1fyFUmAvGCoFaU6LqH6exLtX0wGIL3YixCo74L3ZtR1buHcDUViQ2WB3fhxiQZ2WYBzdwF_WP0KyUX4Gy1jVFC-l5HvGPQT3YoiRhdfOK_LSv-0smwJfy5TwvSW23g3Bn9h2PA1eoVwRMBksNInyysXvBTCTw1NNt676Fpiuiiy8Butzmjll34DgJASPDZNjiGMb3MoRoLNELm7ibQ88UTFV86_eVi33Cqlr5ou7AQd5H-zvlqLqh2YECESTpgQ","invite_code":"","agent":"","uuid":"2dcb75bc88c4f3566b40d88b68594ae58"}
[CONTENT]:"os=Android&sdk_version=34&app_version=2024103001&app_name=1.1&google_token=eyJhbGciOiJSUzI1NiIsImtpZCI6IjVkMTJhYjc4MmNiNjA5NjI4NWY2OWU0OGFlYTk5MDc5YmI1OWNiODYiLCJ0eXAiOiJKV1QifQ.eyJpc3MiOiJodHRwczovL2FjY291bnRzLmdvb2dsZS5jb20iLCJhenAiOiI4NDc3MzI1MDk4NzUtdXFhOThubWY5bGRraGp0Y2R1MjFqM2oxZHJzNjRtcW0uYXBwcy5nb29nbGV1c2VyY29udGVudC5jb20iLCJhdWQiOiI4NDc3MzI1MDk4NzUtcnNxYTNmdWdyZXNhYTh2dms2bXFtZHQ1ZWM5bTEwM3MuYXBwcy5nb29nbGV1c2VyY29udGVudC5jb20iLCJzdWIiOiIxMDg3OTcyODM1MDI4NTg5OTQyMjQiLCJlbWFpbCI6InNhZWRzYTQwOUBnbWFpbC5jb20iLCJlbWFpbF92ZXJpZmllZCI6dHJ1ZSwibmFtZSI6IlNhZWQgU2EiLCJwaWN0dXJlIjoiaHR0cHM6Ly9saDMuZ29vZ2xldXNlcmNvbnRlbnQuY29tL2EvQUNnOG9jTDFZcVdacmV1WEFydWVaOENyZk9aWWRBdW01Z0dUQnhHdm1uaUt3aGRuTDZOcT1zOTYtYyIsImdpdmVuX25hbWUiOiJTYWVkIiwiZmFtaWx5X25hbWUiOiJTYSIsImlhdCI6MTczOTcyNTcxNiwiZXhwIjoxNzM5NzI5MzE2fQ.lB5890IYjPXtLGb3G6js9wtdq9C4MnGMWJhIh9yQNN_wWhN1t9hD3KUdpZ4e5M4pQ1BvLDCaUtp_RlDeGQOvTAU1fyFUmAvGCoFaU6LqH6exLtX0wGIL3YixCo74L3ZtR1buHcDUViQ2WB3fhxiQZ2WYBzdwF_WP0KyUX4Gy1jVFC-l5HvGPQT3YoiRhdfOK_LSv-0smwJfy5TwvSW23g3Bn9h2PA1eoVwRMBksNInyysXvBTCTw1NNt676Fpiuiiy8Butzmjll34DgJASPDZNjiGMb3MoRoLNELm7ibQ88UTFV86_eVi33Cqlr5ou7AQd5H-zvlqLqh2YECESTpgQ&invite_code=&agent=&uuid=2dcb75bc88c4f3566b40d88b68594ae58"
[DEVICE_INFO]:{"content-length":"1218","cdn-loop":"cloudflare; loops=1","cf-connecting-ip":"46.58.184.79","connection":"Keep-Alive","user-agent":"Mozilla\/5.0 (Linux; U; Android 14; en; TECNO KJ7 Build\/UP1A.231005.007) AppleWebKit\/533.1 (KHTML, like Gecko) Version\/5.0 Mobile Safari\/533.1","cf-visitor":"{\"scheme\":\"http\"}","lang":"en","accept-language":"en","x-forwarded-proto":"http","content-type":"application\/x-www-form-urlencoded","accept-encoding":"gzip","cf-ipcountry":"SY","host":"admin.xivolive.com","x-forwarded-for":"46.58.184.79","cf-ray":"912f382bdfbaedc7-MXP"}
